["core", "s:clear_active_sources", 1]
["core", "remote_insert_enter"]
["core", "remote_insert_leave"]
["core", "s:clear_active_sources", 1]
["core", "remote_insert_enter"]
["core", "remote_insert_leave"]
["core", "remote_insert_enter"]
["core", "remote_insert_leave"]
["core", "remote_insert_enter"]
["core", "remote_insert_leave"]
["core", "remote_insert_enter"]
["core", "remote_insert_leave"]
["core", "s:clear_active_sources", 1]
["core", "s:clear_active_sources", 1]
["core", "remote_insert_enter"]
["core", "remote_insert_leave"]
["core", "s:clear_active_sources", 1]
["core", "s:clear_active_sources", 1]
["core", "remote_insert_enter"]
["core", "remote_insert_leave"]
["core", "remote_insert_enter"]
["core", "remote_insert_leave"]
["core", "remote_insert_enter"]
["core", "remote_insert_leave"]
["core", "s:clear_active_sources", 1]
["core", "s:clear_active_sources", 1]
["core", "s:clear_active_sources", 2]
["core", "s:clear_active_sources", 1]
["core", "s:clear_active_sources", 2]
["core", "s:clear_active_sources", 1]
["core", "s:clear_active_sources", 1]
["core", "remote_insert_enter"]
["core", "remote_insert_leave"]
["core", "remote_insert_enter"]
["core", "remote_insert_leave"]
["core", "s:clear_active_sources", 1]
["core", "s:clear_active_sources", 1]
["core", "s:clear_active_sources", 1]
["core", "s:clear_active_sources", 1]
["core", "s:clear_active_sources", 1]
["core", "s:clear_active_sources", 1]
["core", "s:clear_active_sources", 1]
["core", "remote_insert_enter"]
["core", "remote_insert_leave"]
["core", "s:clear_active_sources", 1]
["core", "s:clear_active_sources", 2]
["core", "s:clear_active_sources", 1]
["core", "remote_insert_enter"]
["core", "remote_insert_leave"]
["core", "s:clear_active_sources", 3]
["core", "s:clear_active_sources", 1]
["core", "s:clear_active_sources", 1]
["core", "remote_insert_enter"]
["core", "remote_insert_leave"]
["core", "s:clear_active_sources", 1]
["core", "remote_insert_enter"]
["core", "remote_insert_leave"]
["core", "remote_insert_enter"]
["core", "remote_insert_leave"]
["core", "remote_insert_enter"]
["core", "remote_insert_leave"]
["core", "s:clear_active_sources", 1]
["core", "s:clear_active_sources", 2]
["core", "s:clear_active_sources", 1]
["core", "s:clear_active_sources", 2]
["core", "s:clear_active_sources", 1]
["core", "remote_insert_enter"]
["core", "remote_insert_leave"]
["core", "remote_insert_enter"]
["core", "remote_insert_leave"]
["core", "s:clear_active_sources", 1]
["core", "s:clear_active_sources", 1]
["core", "remote_insert_enter"]
["core", "remote_insert_leave"]
["core", "s:clear_active_sources", 1]
["core", "remote_insert_enter"]
["core", "remote_insert_leave"]
["core", "s:clear_active_sources", 1]
["core", "s:clear_active_sources", 1]
["core", "s:clear_active_sources", 1]
["core", "remote_insert_enter"]
["core", "remote_insert_leave"]
["core", "s:clear_active_sources", 1]
["core", "remote_insert_enter"]
["core", "remote_insert_leave"]
["core", "s:clear_active_sources", 1]
["core", "remote_insert_enter"]
["core", "remote_insert_leave"]
["core", "remote_insert_enter"]
["core", "remote_insert_leave"]
["core", "remote_insert_enter"]
["core", "remote_insert_leave"]
["core", "s:clear_active_sources", 1]
["core", "s:clear_active_sources", 1]
["core", "s:clear_active_sources", 2]
["core", "s:clear_active_sources", 1]
["core", "remote_insert_enter"]
["core", "remote_insert_leave"]
["core", "s:clear_active_sources", 1]
["core", "s:clear_active_sources", 2]
["core", "remote_insert_enter"]
["core", "remote_insert_leave"]
["core", "remote_insert_enter"]
["core", "remote_insert_leave"]
["core", "remote_insert_enter"]
["core", "remote_insert_leave"]
["core", "s:clear_active_sources", 1]
["core", "remote_insert_enter"]
["core", "remote_insert_leave"]
["core", "s:clear_active_sources", 1]
["core", "s:clear_active_sources", 2]
["core", "s:clear_active_sources", 1]
["core", "remote_insert_enter"]
["core", "remote_insert_leave"]
["core", "remote_insert_enter"]
["core", "remote_insert_leave"]
["core", "s:clear_active_sources", 1]
["core", "remote_insert_enter"]
["core", "remote_insert_leave"]
["core", "s:clear_active_sources", 1]
["core", "s:clear_active_sources", 2]
["core", "s:clear_active_sources", 1]
["core", "remote_insert_enter"]
["core", "remote_insert_leave"]
["core", "s:clear_active_sources", 1]
["core", "s:clear_active_sources", 2]
["core", "s:clear_active_sources", 1]
["core", "s:clear_active_sources", 2]
["core", "remote_insert_enter"]
["core", "computing get_active_sources_for_buffer", 1]
["core", "s:remote_refresh", "omni", ["f", 0, 1], {"lnum": 49, "bufnr": 1, "col": 12, "changedtick": 36, "typed": "foo.Example", "filetype": "ruby", "curpos": [0, 49, 12, 0, 12], "filepath": "/Users/miyajimatakeshi/work/test-ruby/test.rb"}]
["core", "completor()", "omni", {"lnum": 49, "bufnr": 1, "col": 12, "changedtick": 36, "typed": "foo.Example", "filetype": "ruby", "curpos": [0, 49, 12, 0, 12], "filepath": "/Users/miyajimatakeshi/work/test-ruby/test.rb"}]
["core", "s:remote_refresh", "omni", ["f", 0, 1], {"lnum": 49, "bufnr": 1, "col": 19, "changedtick": 57, "typed": "foo.give_me_things", "filetype": "ruby", "curpos": [0, 49, 19, 0, 19], "filepath": "/Users/miyajimatakeshi/work/test-ruby/test.rb"}]
["core", "completor()", "omni", {"lnum": 49, "bufnr": 1, "col": 19, "changedtick": 57, "typed": "foo.give_me_things", "filetype": "ruby", "curpos": [0, 49, 19, 0, 19], "filepath": "/Users/miyajimatakeshi/work/test-ruby/test.rb"}]
["core", "s:remote_refresh", "omni", ["f", 0, 1], {"lnum": 49, "bufnr": 1, "col": 11, "changedtick": 77, "typed": "foo.things", "filetype": "ruby", "curpos": [0, 49, 11, 0, 11], "filepath": "/Users/miyajimatakeshi/work/test-ruby/test.rb"}]
["core", "completor()", "omni", {"lnum": 49, "bufnr": 1, "col": 11, "changedtick": 77, "typed": "foo.things", "filetype": "ruby", "curpos": [0, 49, 11, 0, 11], "filepath": "/Users/miyajimatakeshi/work/test-ruby/test.rb"}]
["core", "s:remote_refresh", "omni", ["f", 0, 1], {"lnum": 49, "bufnr": 1, "col": 19, "changedtick": 97, "typed": "foo.give_me_things", "filetype": "ruby", "curpos": [0, 49, 19, 0, 19], "filepath": "/Users/miyajimatakeshi/work/test-ruby/test.rb"}]
["core", "completor()", "omni", {"lnum": 49, "bufnr": 1, "col": 19, "changedtick": 97, "typed": "foo.give_me_things", "filetype": "ruby", "curpos": [0, 49, 19, 0, 19], "filepath": "/Users/miyajimatakeshi/work/test-ruby/test.rb"}]
["core", "s:remote_refresh", "omni", ["f", 0, 1], {"lnum": 49, "bufnr": 1, "col": 11, "changedtick": 117, "typed": "foo.things", "filetype": "ruby", "curpos": [0, 49, 11, 0, 11], "filepath": "/Users/miyajimatakeshi/work/test-ruby/test.rb"}]
["core", "completor()", "omni", {"lnum": 49, "bufnr": 1, "col": 11, "changedtick": 117, "typed": "foo.things", "filetype": "ruby", "curpos": [0, 49, 11, 0, 11], "filepath": "/Users/miyajimatakeshi/work/test-ruby/test.rb"}]
["core", "s:remote_refresh", "omni", ["f", 0, 1], {"lnum": 49, "bufnr": 1, "col": 10, "changedtick": 128, "typed": "foo.test4", "filetype": "ruby", "curpos": [0, 49, 10, 0, 10], "filepath": "/Users/miyajimatakeshi/work/test-ruby/test.rb"}]
["core", "completor()", "omni", {"lnum": 49, "bufnr": 1, "col": 10, "changedtick": 128, "typed": "foo.test4", "filetype": "ruby", "curpos": [0, 49, 10, 0, 10], "filepath": "/Users/miyajimatakeshi/work/test-ruby/test.rb"}]
["core", "s:remote_refresh", "omni", ["f", 0, 1], {"lnum": 49, "bufnr": 1, "col": 8, "changedtick": 136, "typed": "foo.new", "filetype": "ruby", "curpos": [0, 49, 8, 0, 8], "filepath": "/Users/miyajimatakeshi/work/test-ruby/test.rb"}]
["core", "completor()", "omni", {"lnum": 49, "bufnr": 1, "col": 8, "changedtick": 136, "typed": "foo.new", "filetype": "ruby", "curpos": [0, 49, 8, 0, 8], "filepath": "/Users/miyajimatakeshi/work/test-ruby/test.rb"}]
["core", "s:remote_refresh", "omni", ["f", 0, 1], {"lnum": 49, "bufnr": 1, "col": 8, "changedtick": 142, "typed": "foo.Foo", "filetype": "ruby", "curpos": [0, 49, 8, 0, 8], "filepath": "/Users/miyajimatakeshi/work/test-ruby/test.rb"}]
["core", "completor()", "omni", {"lnum": 49, "bufnr": 1, "col": 8, "changedtick": 142, "typed": "foo.Foo", "filetype": "ruby", "curpos": [0, 49, 8, 0, 8], "filepath": "/Users/miyajimatakeshi/work/test-ruby/test.rb"}]
["core", "s:remote_refresh", "omni", ["f", 0, 1], {"lnum": 49, "bufnr": 1, "col": 8, "changedtick": 148, "typed": "foo.def", "filetype": "ruby", "curpos": [0, 49, 8, 0, 8], "filepath": "/Users/miyajimatakeshi/work/test-ruby/test.rb"}]
["core", "completor()", "omni", {"lnum": 49, "bufnr": 1, "col": 8, "changedtick": 148, "typed": "foo.def", "filetype": "ruby", "curpos": [0, 49, 8, 0, 8], "filepath": "/Users/miyajimatakeshi/work/test-ruby/test.rb"}]
["core", "remote_insert_leave"]
["core", "remote_insert_enter"]
["core", "remote_insert_leave"]
["core", "remote_insert_enter"]
["core", "remote_insert_leave"]
["core", "remote_insert_enter"]
["core", "remote_insert_leave"]
["core", "remote_insert_enter"]
["core", "remote_insert_leave"]
["core", "remote_insert_enter"]
["core", "remote_insert_leave"]
["core", "remote_insert_enter"]
["core", "remote_insert_leave"]
["core", "remote_insert_enter"]
["core", "s:remote_refresh", "omni", ["b", 0, 1], {"lnum": 53, "bufnr": 1, "col": 5, "changedtick": 209, "typed": "bar.", "filetype": "ruby", "curpos": [0, 53, 5, 0, 5], "filepath": "/Users/miyajimatakeshi/work/test-ruby/test.rb"}]
["core", "completor()", "omni", {"lnum": 53, "bufnr": 1, "col": 5, "changedtick": 209, "typed": "bar.", "filetype": "ruby", "curpos": [0, 53, 5, 0, 5], "filepath": "/Users/miyajimatakeshi/work/test-ruby/test.rb"}]
["core", "s:remote_refresh", "omni", ["b", 0, 1], {"lnum": 53, "bufnr": 1, "col": 12, "changedtick": 216, "typed": "bar.require", "filetype": "ruby", "curpos": [0, 53, 12, 0, 12], "filepath": "/Users/miyajimatakeshi/work/test-ruby/test.rb"}]
["core", "completor()", "omni", {"lnum": 53, "bufnr": 1, "col": 12, "changedtick": 216, "typed": "bar.require", "filetype": "ruby", "curpos": [0, 53, 12, 0, 12], "filepath": "/Users/miyajimatakeshi/work/test-ruby/test.rb"}]
["core", "s:remote_refresh", "omni", ["b", 0, 1], {"lnum": 53, "bufnr": 1, "col": 10, "changedtick": 228, "typed": "bar.class", "filetype": "ruby", "curpos": [0, 53, 10, 0, 10], "filepath": "/Users/miyajimatakeshi/work/test-ruby/test.rb"}]
["core", "completor()", "omni", {"lnum": 53, "bufnr": 1, "col": 10, "changedtick": 228, "typed": "bar.class", "filetype": "ruby", "curpos": [0, 53, 10, 0, 10], "filepath": "/Users/miyajimatakeshi/work/test-ruby/test.rb"}]
["core", "s:remote_refresh", "omni", ["b", 0, 1], {"lnum": 53, "bufnr": 1, "col": 12, "changedtick": 240, "typed": "bar.Example", "filetype": "ruby", "curpos": [0, 53, 12, 0, 12], "filepath": "/Users/miyajimatakeshi/work/test-ruby/test.rb"}]
["core", "completor()", "omni", {"lnum": 53, "bufnr": 1, "col": 12, "changedtick": 240, "typed": "bar.Example", "filetype": "ruby", "curpos": [0, 53, 12, 0, 12], "filepath": "/Users/miyajimatakeshi/work/test-ruby/test.rb"}]
["core", "s:remote_refresh", "omni", ["b", 0, 1], {"lnum": 53, "bufnr": 1, "col": 19, "changedtick": 261, "typed": "bar.give_me_things", "filetype": "ruby", "curpos": [0, 53, 19, 0, 19], "filepath": "/Users/miyajimatakeshi/work/test-ruby/test.rb"}]
["core", "completor()", "omni", {"lnum": 53, "bufnr": 1, "col": 19, "changedtick": 261, "typed": "bar.give_me_things", "filetype": "ruby", "curpos": [0, 53, 19, 0, 19], "filepath": "/Users/miyajimatakeshi/work/test-ruby/test.rb"}]
["core", "s:remote_refresh", "omni", ["b", 0, 1], {"lnum": 53, "bufnr": 1, "col": 11, "changedtick": 281, "typed": "bar.things", "filetype": "ruby", "curpos": [0, 53, 11, 0, 11], "filepath": "/Users/miyajimatakeshi/work/test-ruby/test.rb"}]
["core", "completor()", "omni", {"lnum": 53, "bufnr": 1, "col": 11, "changedtick": 281, "typed": "bar.things", "filetype": "ruby", "curpos": [0, 53, 11, 0, 11], "filepath": "/Users/miyajimatakeshi/work/test-ruby/test.rb"}]
["core", "s:remote_refresh", "omni", ["b", 0, 1], {"lnum": 53, "bufnr": 1, "col": 8, "changedtick": 290, "typed": "bar.def", "filetype": "ruby", "curpos": [0, 53, 8, 0, 8], "filepath": "/Users/miyajimatakeshi/work/test-ruby/test.rb"}]
["core", "completor()", "omni", {"lnum": 53, "bufnr": 1, "col": 8, "changedtick": 290, "typed": "bar.def", "filetype": "ruby", "curpos": [0, 53, 8, 0, 8], "filepath": "/Users/miyajimatakeshi/work/test-ruby/test.rb"}]
["core", "s:remote_refresh", "omni", ["b", 0, 1], {"lnum": 53, "bufnr": 1, "col": 9, "changedtick": 297, "typed": "bar.puts", "filetype": "ruby", "curpos": [0, 53, 9, 0, 9], "filepath": "/Users/miyajimatakeshi/work/test-ruby/test.rb"}]
["core", "completor()", "omni", {"lnum": 53, "bufnr": 1, "col": 9, "changedtick": 297, "typed": "bar.puts", "filetype": "ruby", "curpos": [0, 53, 9, 0, 9], "filepath": "/Users/miyajimatakeshi/work/test-ruby/test.rb"}]
["core", "s:remote_refresh", "omni", ["b", 0, 1], {"lnum": 53, "bufnr": 1, "col": 8, "changedtick": 304, "typed": "bar.end", "filetype": "ruby", "curpos": [0, 53, 8, 0, 8], "filepath": "/Users/miyajimatakeshi/work/test-ruby/test.rb"}]
["core", "completor()", "omni", {"lnum": 53, "bufnr": 1, "col": 8, "changedtick": 304, "typed": "bar.end", "filetype": "ruby", "curpos": [0, 53, 8, 0, 8], "filepath": "/Users/miyajimatakeshi/work/test-ruby/test.rb"}]
["core", "remote_insert_leave"]
["core", "s:clear_active_sources", 1]
["core", "s:clear_active_sources", 1]
["core", "remote_insert_enter"]
["core", "remote_insert_leave"]
["core", "remote_insert_enter"]
["core", "remote_insert_leave"]
["core", "remote_insert_enter"]
["core", "remote_insert_leave"]
["core", "remote_insert_enter"]
["core", "remote_insert_leave"]
["core", "remote_insert_enter"]
["core", "remote_insert_leave"]
["core", "remote_insert_enter"]
["core", "remote_insert_leave"]
["core", "remote_insert_enter"]
["core", "remote_insert_leave"]
["core", "remote_insert_enter"]
["core", "remote_insert_leave"]
["core", "remote_insert_enter"]
["core", "remote_insert_leave"]
["core", "remote_insert_enter"]
["core", "remote_insert_leave"]
["core", "remote_insert_enter"]
["core", "remote_insert_leave"]
["core", "remote_insert_enter"]
["core", "remote_insert_leave"]
["core", "remote_insert_enter"]
["core", "remote_insert_leave"]
["core", "remote_insert_enter"]
["core", "remote_insert_leave"]
["core", "remote_insert_enter"]
["core", "remote_insert_leave"]
["core", "remote_insert_enter"]
["core", "computing get_active_sources_for_buffer", 1]
["core", "remote_insert_leave"]
["core", "remote_insert_enter"]
["core", "remote_insert_leave"]
["core", "remote_insert_enter"]
["core", "remote_insert_leave"]
["core", "remote_insert_enter"]
["core", "remote_insert_leave"]
["core", "s:clear_active_sources", 2]
["core", "remote_insert_enter"]
["core", "remote_insert_leave"]
["core", "s:clear_active_sources", 2]
["core", "s:clear_active_sources", 2]
["core", "s:clear_active_sources", 2]
["core", "s:clear_active_sources", 2]
["core", "remote_insert_enter"]
["core", "remote_insert_leave"]
["core", "s:clear_active_sources", 1]
["core", "remote_insert_enter"]
["core", "computing get_active_sources_for_buffer", 1]
["core", "remote_insert_leave"]
["core", "s:clear_active_sources", 1]
["core", "remote_insert_enter"]
["core", "remote_insert_leave"]
["core", "remote_insert_enter"]
["core", "remote_insert_leave"]
["core", "remote_insert_enter"]
["core", "remote_insert_leave"]
["core", "remote_insert_enter"]
["core", "remote_insert_leave"]
["core", "remote_insert_enter"]
["core", "computing get_active_sources_for_buffer", 1]
["core", "remote_insert_leave"]
["core", "s:clear_active_sources", 1]
["core", "remote_insert_enter"]
["core", "computing get_active_sources_for_buffer", 1]
["core", "remote_insert_leave"]
["core", "remote_insert_enter"]
["core", "remote_insert_leave"]
["core", "s:clear_active_sources", 1]
["core", "remote_insert_enter"]
["core", "remote_insert_leave"]
["core", "remote_insert_enter"]
["core", "remote_insert_leave"]
["core", "remote_insert_enter"]
["core", "remote_insert_leave"]
["core", "remote_insert_enter"]
["core", "remote_insert_leave"]
["core", "remote_insert_enter"]
["core", "remote_insert_leave"]
["core", "remote_insert_enter"]
["core", "remote_insert_leave"]
["core", "remote_insert_enter"]
["core", "remote_insert_leave"]
["core", "remote_insert_enter"]
["core", "remote_insert_leave"]
["core", "remote_insert_enter"]
["core", "remote_insert_leave"]
["core", "remote_insert_enter"]
["core", "remote_insert_leave"]
["core", "remote_insert_enter"]
["core", "remote_insert_leave"]
["core", "remote_insert_enter"]
["core", "remote_insert_leave"]
["core", "s:clear_active_sources", 2]
["core", "s:clear_active_sources", 1]
["core", "s:clear_active_sources", 2]
["core", "remote_insert_enter"]
["core", "remote_insert_leave"]
["core", "remote_insert_enter"]
["core", "remote_insert_leave"]
["core", "s:clear_active_sources", 1]
["core", "s:clear_active_sources", 1]
["core", "s:clear_active_sources", 2]
["core", "remote_insert_enter"]
["core", "computing get_active_sources_for_buffer", 1]
["core", "s:remote_refresh", "gocode", ["", -1, -1], {"lnum": 17, "bufnr": 1, "col": 2, "changedtick": 5, "typed": "\t", "filetype": "go", "curpos": [0, 17, 2, 0, 3], "filepath": "/Users/miyajimatakeshi/work/test-go/test.go"}]
["core", "s:remote_refresh", "gocode", ["t", 1, 2], {"lnum": 17, "bufnr": 1, "col": 3, "changedtick": 6, "typed": "\tt", "filetype": "go", "curpos": [0, 17, 3, 0, 4], "filepath": "/Users/miyajimatakeshi/work/test-go/test.go"}]
["core", "completor()", "gocode", {"lnum": 17, "bufnr": 1, "col": 3, "changedtick": 6, "typed": "\tt", "filetype": "go", "curpos": [0, 17, 3, 0, 4], "filepath": "/Users/miyajimatakeshi/work/test-go/test.go"}]
["asyncomplete-gocode.vim", "created tmp file", "/var/folders/nt/1_85kflx24zb07046kysdgnw0000gn/T/nvim9wXR9T/4"]
["asyncomplete-gocode.vim", "s:exec", ["/Users/miyajimatakeshi/go/bin/gocode", "-f=vim", "--in=/var/folders/nt/1_85kflx24zb07046kysdgnw0000gn/T/nvim9wXR9T/4", "autocomplete", "/Users/miyajimatakeshi/work/test-go/test.go", "166"]]
["asyncomplete-gocode.vim", "deleted temp file ", "/var/folders/nt/1_85kflx24zb07046kysdgnw0000gn/T/nvim9wXR9T/4"]
["core", "s:remote_refresh", "gocode", ["te", 1, 3], {"lnum": 17, "bufnr": 1, "col": 4, "changedtick": 7, "typed": "\tte", "filetype": "go", "curpos": [0, 17, 4, 0, 5], "filepath": "/Users/miyajimatakeshi/work/test-go/test.go"}]
["core", "s:remote_refresh", "gocode", ["tes", 1, 4], {"lnum": 17, "bufnr": 1, "col": 5, "changedtick": 8, "typed": "\ttes", "filetype": "go", "curpos": [0, 17, 5, 0, 6], "filepath": "/Users/miyajimatakeshi/work/test-go/test.go"}]
["core", "s:remote_refresh", "gocode", ["", -1, -1], {"lnum": 17, "bufnr": 1, "col": 2, "changedtick": 11, "typed": "\t", "filetype": "go", "curpos": [0, 17, 2, 0, 3], "filepath": "/Users/miyajimatakeshi/work/test-go/test.go"}]
["core", "s:remote_refresh", "gocode", ["f", 1, 2], {"lnum": 17, "bufnr": 1, "col": 3, "changedtick": 12, "typed": "\tf", "filetype": "go", "curpos": [0, 17, 3, 0, 4], "filepath": "/Users/miyajimatakeshi/work/test-go/test.go"}]
["core", "completor()", "gocode", {"lnum": 17, "bufnr": 1, "col": 3, "changedtick": 12, "typed": "\tf", "filetype": "go", "curpos": [0, 17, 3, 0, 4], "filepath": "/Users/miyajimatakeshi/work/test-go/test.go"}]
["asyncomplete-gocode.vim", "created tmp file", "/var/folders/nt/1_85kflx24zb07046kysdgnw0000gn/T/nvim9wXR9T/5"]
["asyncomplete-gocode.vim", "s:exec", ["/Users/miyajimatakeshi/go/bin/gocode", "-f=vim", "--in=/var/folders/nt/1_85kflx24zb07046kysdgnw0000gn/T/nvim9wXR9T/5", "autocomplete", "/Users/miyajimatakeshi/work/test-go/test.go", "166"]]
["asyncomplete-gocode.vim", "deleted temp file ", "/var/folders/nt/1_85kflx24zb07046kysdgnw0000gn/T/nvim9wXR9T/5"]
["core", "s:remote_refresh", "gocode", ["fm", 1, 3], {"lnum": 17, "bufnr": 1, "col": 4, "changedtick": 13, "typed": "\tfm", "filetype": "go", "curpos": [0, 17, 4, 0, 5], "filepath": "/Users/miyajimatakeshi/work/test-go/test.go"}]
["core", "s:remote_refresh", "gocode", ["fmt", 1, 4], {"lnum": 17, "bufnr": 1, "col": 5, "changedtick": 14, "typed": "\tfmt", "filetype": "go", "curpos": [0, 17, 5, 0, 6], "filepath": "/Users/miyajimatakeshi/work/test-go/test.go"}]
["core", "s:remote_refresh", "gocode", [".", 4, 5], {"lnum": 17, "bufnr": 1, "col": 6, "changedtick": 15, "typed": "\tfmt.", "filetype": "go", "curpos": [0, 17, 6, 0, 7], "filepath": "/Users/miyajimatakeshi/work/test-go/test.go"}]
["core", "completor()", "gocode", {"lnum": 17, "bufnr": 1, "col": 6, "changedtick": 15, "typed": "\tfmt.", "filetype": "go", "curpos": [0, 17, 6, 0, 7], "filepath": "/Users/miyajimatakeshi/work/test-go/test.go"}]
["asyncomplete-gocode.vim", "created tmp file", "/var/folders/nt/1_85kflx24zb07046kysdgnw0000gn/T/nvim9wXR9T/6"]
["asyncomplete-gocode.vim", "s:exec", ["/Users/miyajimatakeshi/go/bin/gocode", "-f=vim", "--in=/var/folders/nt/1_85kflx24zb07046kysdgnw0000gn/T/nvim9wXR9T/6", "autocomplete", "/Users/miyajimatakeshi/work/test-go/test.go", "169"]]
["asyncomplete-gocode.vim", "deleted temp file ", "/var/folders/nt/1_85kflx24zb07046kysdgnw0000gn/T/nvim9wXR9T/6"]
["core", "remote_insert_leave"]
["core", "remote_insert_enter"]
["core", "s:remote_refresh", "gocode", ["fmtx", 1, 5], {"lnum": 17, "bufnr": 1, "col": 6, "changedtick": 17, "typed": "\tfmtx", "filetype": "go", "curpos": [0, 17, 6, 0, 7], "filepath": "/Users/miyajimatakeshi/work/test-go/test.go"}]
["core", "s:remote_refresh", "gocode", ["fmt", 1, 4], {"lnum": 17, "bufnr": 1, "col": 5, "changedtick": 18, "typed": "\tfmt", "filetype": "go", "curpos": [0, 17, 5, 0, 6], "filepath": "/Users/miyajimatakeshi/work/test-go/test.go"}]
["core", "s:remote_refresh", "gocode", ["fm", 1, 3], {"lnum": 17, "bufnr": 1, "col": 4, "changedtick": 19, "typed": "\tfm", "filetype": "go", "curpos": [0, 17, 4, 0, 5], "filepath": "/Users/miyajimatakeshi/work/test-go/test.go"}]
["core", "s:remote_refresh", "gocode", ["fmt", 1, 4], {"lnum": 17, "bufnr": 1, "col": 5, "changedtick": 30, "typed": "\tfmt", "filetype": "go", "curpos": [0, 17, 5, 0, 6], "filepath": "/Users/miyajimatakeshi/work/test-go/test.go"}]
["core", "s:remote_refresh", "gocode", [".", 4, 5], {"lnum": 17, "bufnr": 1, "col": 6, "changedtick": 31, "typed": "\tfmt.", "filetype": "go", "curpos": [0, 17, 6, 0, 7], "filepath": "/Users/miyajimatakeshi/work/test-go/test.go"}]
["core", "completor()", "gocode", {"lnum": 17, "bufnr": 1, "col": 6, "changedtick": 31, "typed": "\tfmt.", "filetype": "go", "curpos": [0, 17, 6, 0, 7], "filepath": "/Users/miyajimatakeshi/work/test-go/test.go"}]
["asyncomplete-gocode.vim", "created tmp file", "/var/folders/nt/1_85kflx24zb07046kysdgnw0000gn/T/nvim9wXR9T/7"]
["asyncomplete-gocode.vim", "s:exec", ["/Users/miyajimatakeshi/go/bin/gocode", "-f=vim", "--in=/var/folders/nt/1_85kflx24zb07046kysdgnw0000gn/T/nvim9wXR9T/7", "autocomplete", "/Users/miyajimatakeshi/work/test-go/test.go", "169"]]
["asyncomplete-gocode.vim", "deleted temp file ", "/var/folders/nt/1_85kflx24zb07046kysdgnw0000gn/T/nvim9wXR9T/7"]
["core", "s:remote_refresh", "gocode", ["test2", 5, 10], {"lnum": 17, "bufnr": 1, "col": 11, "changedtick": 48, "typed": "\tfmt.test2", "filetype": "go", "curpos": [0, 17, 11, 0, 12], "filepath": "/Users/miyajimatakeshi/work/test-go/test.go"}]
["core", "s:remote_refresh", "gocode", ["test", 5, 9], {"lnum": 17, "bufnr": 1, "col": 10, "changedtick": 57, "typed": "\tfmt.test", "filetype": "go", "curpos": [0, 17, 10, 0, 11], "filepath": "/Users/miyajimatakeshi/work/test-go/test.go"}]
["core", "s:remote_refresh", "gocode", ["world", 5, 10], {"lnum": 17, "bufnr": 1, "col": 11, "changedtick": 66, "typed": "\tfmt.world", "filetype": "go", "curpos": [0, 17, 11, 0, 12], "filepath": "/Users/miyajimatakeshi/work/test-go/test.go"}]
["core", "s:remote_refresh", "gocode", ["hello", 5, 10], {"lnum": 17, "bufnr": 1, "col": 11, "changedtick": 76, "typed": "\tfmt.hello", "filetype": "go", "curpos": [0, 17, 11, 0, 12], "filepath": "/Users/miyajimatakeshi/work/test-go/test.go"}]
["core", "remote_insert_leave"]
["core", "s:clear_active_sources", 1]
["core", "remote_insert_enter"]
["core", "remote_insert_leave"]
["core", "s:clear_active_sources", 1]
["core", "s:clear_active_sources", 2]
["core", "s:clear_active_sources", 1]
["core", "remote_insert_enter"]
["core", "computing get_active_sources_for_buffer", 1]
["core", "s:remote_refresh", "gocode", ["", -1, -1], {"lnum": 16, "bufnr": 1, "col": 2, "changedtick": 5, "typed": "\t", "filetype": "go", "curpos": [0, 16, 2, 0, 3], "filepath": "/Users/miyajimatakeshi/work/test-go/test.go"}]
["core", "s:remote_refresh", "asyncomplete_lsp_go-langserver", ["", -1, -1], {"lnum": 16, "bufnr": 1, "col": 2, "changedtick": 5, "typed": "\t", "filetype": "go", "curpos": [0, 16, 2, 0, 3], "filepath": "/Users/miyajimatakeshi/work/test-go/test.go"}]
["core", "s:remote_refresh", "gocode", ["f", 1, 2], {"lnum": 16, "bufnr": 1, "col": 3, "changedtick": 6, "typed": "\tf", "filetype": "go", "curpos": [0, 16, 3, 0, 4], "filepath": "/Users/miyajimatakeshi/work/test-go/test.go"}]
["core", "s:remote_refresh", "asyncomplete_lsp_go-langserver", ["f", 1, 2], {"lnum": 16, "bufnr": 1, "col": 3, "changedtick": 6, "typed": "\tf", "filetype": "go", "curpos": [0, 16, 3, 0, 4], "filepath": "/Users/miyajimatakeshi/work/test-go/test.go"}]
["core", "completor()", "gocode", {"lnum": 16, "bufnr": 1, "col": 3, "changedtick": 6, "typed": "\tf", "filetype": "go", "curpos": [0, 16, 3, 0, 4], "filepath": "/Users/miyajimatakeshi/work/test-go/test.go"}]
["asyncomplete-gocode.vim", "created tmp file", "/var/folders/nt/1_85kflx24zb07046kysdgnw0000gn/T/nvimxwvLem/4"]
["asyncomplete-gocode.vim", "s:exec", ["/Users/miyajimatakeshi/go/bin/gocode", "-f=vim", "--in=/var/folders/nt/1_85kflx24zb07046kysdgnw0000gn/T/nvimxwvLem/4", "autocomplete", "/Users/miyajimatakeshi/work/test-go/test.go", "157"]]
["asyncomplete-gocode.vim", "deleted temp file ", "/var/folders/nt/1_85kflx24zb07046kysdgnw0000gn/T/nvimxwvLem/4"]
["core", "completor()", "asyncomplete_lsp_go-langserver", {"lnum": 16, "bufnr": 1, "col": 3, "changedtick": 6, "typed": "\tf", "filetype": "go", "curpos": [0, 16, 3, 0, 4], "filepath": "/Users/miyajimatakeshi/work/test-go/test.go"}]
["core", "s:python_cm_complete", "asyncomplete_lsp_go-langserver", {"lnum": 16, "bufnr": 1, "col": 3, "changedtick": 6, "typed": "\tf", "filetype": "go", "curpos": [0, 16, 3, 0, 4], "filepath": "/Users/miyajimatakeshi/work/test-go/test.go"}, 2, false, 0]
["core", "s:core_complete"]
["core", "s:remote_refresh", "gocode", ["fm", 1, 3], {"lnum": 16, "bufnr": 1, "col": 4, "changedtick": 11, "typed": "\tfm", "filetype": "go", "curpos": [0, 16, 4, 0, 5], "filepath": "/Users/miyajimatakeshi/work/test-go/test.go"}]
["core", "s:core_complete"]
["core", "s:remote_refresh", "asyncomplete_lsp_go-langserver", ["fm", 1, 3], {"lnum": 16, "bufnr": 1, "col": 4, "changedtick": 11, "typed": "\tfm", "filetype": "go", "curpos": [0, 16, 4, 0, 5], "filepath": "/Users/miyajimatakeshi/work/test-go/test.go"}]
["core", "s:core_complete"]
["core", "s:remote_refresh", "gocode", ["fmt", 1, 4], {"lnum": 16, "bufnr": 1, "col": 5, "changedtick": 18, "typed": "\tfmt", "filetype": "go", "curpos": [0, 16, 5, 0, 6], "filepath": "/Users/miyajimatakeshi/work/test-go/test.go"}]
["core", "s:core_complete"]
["core", "s:remote_refresh", "asyncomplete_lsp_go-langserver", ["fmt", 1, 4], {"lnum": 16, "bufnr": 1, "col": 5, "changedtick": 18, "typed": "\tfmt", "filetype": "go", "curpos": [0, 16, 5, 0, 6], "filepath": "/Users/miyajimatakeshi/work/test-go/test.go"}]
["core", "s:core_complete"]
["core", "s:remote_refresh", "gocode", [".", 4, 5], {"lnum": 16, "bufnr": 1, "col": 6, "changedtick": 19, "typed": "\tfmt.", "filetype": "go", "curpos": [0, 16, 6, 0, 7], "filepath": "/Users/miyajimatakeshi/work/test-go/test.go"}]
["core", "s:remote_refresh", "asyncomplete_lsp_go-langserver", [".", 4, 5], {"lnum": 16, "bufnr": 1, "col": 6, "changedtick": 19, "typed": "\tfmt.", "filetype": "go", "curpos": [0, 16, 6, 0, 7], "filepath": "/Users/miyajimatakeshi/work/test-go/test.go"}]
["core", "completor()", "gocode", {"lnum": 16, "bufnr": 1, "col": 6, "changedtick": 19, "typed": "\tfmt.", "filetype": "go", "curpos": [0, 16, 6, 0, 7], "filepath": "/Users/miyajimatakeshi/work/test-go/test.go"}]
["asyncomplete-gocode.vim", "created tmp file", "/var/folders/nt/1_85kflx24zb07046kysdgnw0000gn/T/nvimxwvLem/5"]
["asyncomplete-gocode.vim", "s:exec", ["/Users/miyajimatakeshi/go/bin/gocode", "-f=vim", "--in=/var/folders/nt/1_85kflx24zb07046kysdgnw0000gn/T/nvimxwvLem/5", "autocomplete", "/Users/miyajimatakeshi/work/test-go/test.go", "160"]]
["asyncomplete-gocode.vim", "deleted temp file ", "/var/folders/nt/1_85kflx24zb07046kysdgnw0000gn/T/nvimxwvLem/5"]
["core", "completor()", "asyncomplete_lsp_go-langserver", {"lnum": 16, "bufnr": 1, "col": 6, "changedtick": 19, "typed": "\tfmt.", "filetype": "go", "curpos": [0, 16, 6, 0, 7], "filepath": "/Users/miyajimatakeshi/work/test-go/test.go"}]
["core", "s:python_cm_complete", "asyncomplete_lsp_go-langserver", {"lnum": 16, "bufnr": 1, "col": 6, "changedtick": 19, "typed": "\tfmt.", "filetype": "go", "curpos": [0, 16, 6, 0, 7], "filepath": "/Users/miyajimatakeshi/work/test-go/test.go"}, 6, false, 0]
["core", "s:core_complete"]
["core", "s:remote_refresh", "gocode", ["Scan", 5, 9], {"lnum": 16, "bufnr": 1, "col": 10, "changedtick": 23, "typed": "\tfmt.Scan", "filetype": "go", "curpos": [0, 16, 10, 0, 11], "filepath": "/Users/miyajimatakeshi/work/test-go/test.go"}]
["core", "s:remote_refresh", "asyncomplete_lsp_go-langserver", ["Scan", 5, 9], {"lnum": 16, "bufnr": 1, "col": 10, "changedtick": 23, "typed": "\tfmt.Scan", "filetype": "go", "curpos": [0, 16, 10, 0, 11], "filepath": "/Users/miyajimatakeshi/work/test-go/test.go"}]
["core", "s:remote_refresh", "gocode", ["Print", 5, 10], {"lnum": 16, "bufnr": 1, "col": 11, "changedtick": 32, "typed": "\tfmt.Print", "filetype": "go", "curpos": [0, 16, 11, 0, 12], "filepath": "/Users/miyajimatakeshi/work/test-go/test.go"}]
["core", "s:remote_refresh", "asyncomplete_lsp_go-langserver", ["Print", 5, 10], {"lnum": 16, "bufnr": 1, "col": 11, "changedtick": 32, "typed": "\tfmt.Print", "filetype": "go", "curpos": [0, 16, 11, 0, 12], "filepath": "/Users/miyajimatakeshi/work/test-go/test.go"}]
["core", "s:remote_refresh", "gocode", ["State", 5, 10], {"lnum": 16, "bufnr": 1, "col": 11, "changedtick": 42, "typed": "\tfmt.State", "filetype": "go", "curpos": [0, 16, 11, 0, 12], "filepath": "/Users/miyajimatakeshi/work/test-go/test.go"}]
["core", "s:remote_refresh", "asyncomplete_lsp_go-langserver", ["State", 5, 10], {"lnum": 16, "bufnr": 1, "col": 11, "changedtick": 42, "typed": "\tfmt.State", "filetype": "go", "curpos": [0, 16, 11, 0, 12], "filepath": "/Users/miyajimatakeshi/work/test-go/test.go"}]
["core", "s:remote_refresh", "gocode", ["Print", 5, 10], {"lnum": 16, "bufnr": 1, "col": 11, "changedtick": 52, "typed": "\tfmt.Print", "filetype": "go", "curpos": [0, 16, 11, 0, 12], "filepath": "/Users/miyajimatakeshi/work/test-go/test.go"}]
["core", "s:remote_refresh", "asyncomplete_lsp_go-langserver", ["Print", 5, 10], {"lnum": 16, "bufnr": 1, "col": 11, "changedtick": 52, "typed": "\tfmt.Print", "filetype": "go", "curpos": [0, 16, 11, 0, 12], "filepath": "/Users/miyajimatakeshi/work/test-go/test.go"}]
["core", "s:remote_refresh", "gocode", ["State", 5, 10], {"lnum": 16, "bufnr": 1, "col": 11, "changedtick": 62, "typed": "\tfmt.State", "filetype": "go", "curpos": [0, 16, 11, 0, 12], "filepath": "/Users/miyajimatakeshi/work/test-go/test.go"}]
["core", "s:remote_refresh", "asyncomplete_lsp_go-langserver", ["State", 5, 10], {"lnum": 16, "bufnr": 1, "col": 11, "changedtick": 62, "typed": "\tfmt.State", "filetype": "go", "curpos": [0, 16, 11, 0, 12], "filepath": "/Users/miyajimatakeshi/work/test-go/test.go"}]
["core", "remote_insert_leave"]
["core", "remote_insert_enter"]
["core", "s:remote_refresh", "gocode", ["", -1, -1], {"lnum": 17, "bufnr": 1, "col": 2, "changedtick": 64, "typed": "\t", "filetype": "go", "curpos": [0, 17, 2, 0, 3], "filepath": "/Users/miyajimatakeshi/work/test-go/test.go"}]
["core", "s:remote_refresh", "asyncomplete_lsp_go-langserver", ["", -1, -1], {"lnum": 17, "bufnr": 1, "col": 2, "changedtick": 64, "typed": "\t", "filetype": "go", "curpos": [0, 17, 2, 0, 3], "filepath": "/Users/miyajimatakeshi/work/test-go/test.go"}]
["core", "s:remote_refresh", "gocode", ["f", 1, 2], {"lnum": 17, "bufnr": 1, "col": 3, "changedtick": 65, "typed": "\tf", "filetype": "go", "curpos": [0, 17, 3, 0, 4], "filepath": "/Users/miyajimatakeshi/work/test-go/test.go"}]
["core", "s:remote_refresh", "asyncomplete_lsp_go-langserver", ["f", 1, 2], {"lnum": 17, "bufnr": 1, "col": 3, "changedtick": 65, "typed": "\tf", "filetype": "go", "curpos": [0, 17, 3, 0, 4], "filepath": "/Users/miyajimatakeshi/work/test-go/test.go"}]
["core", "completor()", "gocode", {"lnum": 17, "bufnr": 1, "col": 3, "changedtick": 65, "typed": "\tf", "filetype": "go", "curpos": [0, 17, 3, 0, 4], "filepath": "/Users/miyajimatakeshi/work/test-go/test.go"}]
["asyncomplete-gocode.vim", "created tmp file", "/var/folders/nt/1_85kflx24zb07046kysdgnw0000gn/T/nvimxwvLem/6"]
["asyncomplete-gocode.vim", "s:exec", ["/Users/miyajimatakeshi/go/bin/gocode", "-f=vim", "--in=/var/folders/nt/1_85kflx24zb07046kysdgnw0000gn/T/nvimxwvLem/6", "autocomplete", "/Users/miyajimatakeshi/work/test-go/test.go", "166"]]
["asyncomplete-gocode.vim", "deleted temp file ", "/var/folders/nt/1_85kflx24zb07046kysdgnw0000gn/T/nvimxwvLem/6"]
["core", "completor()", "asyncomplete_lsp_go-langserver", {"lnum": 17, "bufnr": 1, "col": 3, "changedtick": 65, "typed": "\tf", "filetype": "go", "curpos": [0, 17, 3, 0, 4], "filepath": "/Users/miyajimatakeshi/work/test-go/test.go"}]
["core", "s:python_cm_complete", "asyncomplete_lsp_go-langserver", {"lnum": 17, "bufnr": 1, "col": 3, "changedtick": 65, "typed": "\tf", "filetype": "go", "curpos": [0, 17, 3, 0, 4], "filepath": "/Users/miyajimatakeshi/work/test-go/test.go"}, 2, false, 0]
["core", "s:core_complete"]
["core", "s:remote_refresh", "gocode", ["fm", 1, 3], {"lnum": 17, "bufnr": 1, "col": 4, "changedtick": 70, "typed": "\tfm", "filetype": "go", "curpos": [0, 17, 4, 0, 5], "filepath": "/Users/miyajimatakeshi/work/test-go/test.go"}]
["core", "s:core_complete"]
["core", "s:remote_refresh", "asyncomplete_lsp_go-langserver", ["fm", 1, 3], {"lnum": 17, "bufnr": 1, "col": 4, "changedtick": 70, "typed": "\tfm", "filetype": "go", "curpos": [0, 17, 4, 0, 5], "filepath": "/Users/miyajimatakeshi/work/test-go/test.go"}]
["core", "s:core_complete"]
["core", "s:remote_refresh", "gocode", ["fmt", 1, 4], {"lnum": 17, "bufnr": 1, "col": 5, "changedtick": 77, "typed": "\tfmt", "filetype": "go", "curpos": [0, 17, 5, 0, 6], "filepath": "/Users/miyajimatakeshi/work/test-go/test.go"}]
["core", "s:core_complete"]
["core", "s:remote_refresh", "asyncomplete_lsp_go-langserver", ["fmt", 1, 4], {"lnum": 17, "bufnr": 1, "col": 5, "changedtick": 77, "typed": "\tfmt", "filetype": "go", "curpos": [0, 17, 5, 0, 6], "filepath": "/Users/miyajimatakeshi/work/test-go/test.go"}]
["core", "s:core_complete"]
["core", "s:remote_refresh", "gocode", [".", 4, 5], {"lnum": 17, "bufnr": 1, "col": 6, "changedtick": 78, "typed": "\tfmt.", "filetype": "go", "curpos": [0, 17, 6, 0, 7], "filepath": "/Users/miyajimatakeshi/work/test-go/test.go"}]
["core", "s:remote_refresh", "asyncomplete_lsp_go-langserver", [".", 4, 5], {"lnum": 17, "bufnr": 1, "col": 6, "changedtick": 78, "typed": "\tfmt.", "filetype": "go", "curpos": [0, 17, 6, 0, 7], "filepath": "/Users/miyajimatakeshi/work/test-go/test.go"}]
["core", "completor()", "gocode", {"lnum": 17, "bufnr": 1, "col": 6, "changedtick": 78, "typed": "\tfmt.", "filetype": "go", "curpos": [0, 17, 6, 0, 7], "filepath": "/Users/miyajimatakeshi/work/test-go/test.go"}]
["asyncomplete-gocode.vim", "created tmp file", "/var/folders/nt/1_85kflx24zb07046kysdgnw0000gn/T/nvimxwvLem/7"]
["asyncomplete-gocode.vim", "s:exec", ["/Users/miyajimatakeshi/go/bin/gocode", "-f=vim", "--in=/var/folders/nt/1_85kflx24zb07046kysdgnw0000gn/T/nvimxwvLem/7", "autocomplete", "/Users/miyajimatakeshi/work/test-go/test.go", "169"]]
["asyncomplete-gocode.vim", "deleted temp file ", "/var/folders/nt/1_85kflx24zb07046kysdgnw0000gn/T/nvimxwvLem/7"]
["core", "completor()", "asyncomplete_lsp_go-langserver", {"lnum": 17, "bufnr": 1, "col": 6, "changedtick": 78, "typed": "\tfmt.", "filetype": "go", "curpos": [0, 17, 6, 0, 7], "filepath": "/Users/miyajimatakeshi/work/test-go/test.go"}]
["core", "s:python_cm_complete", "asyncomplete_lsp_go-langserver", {"lnum": 17, "bufnr": 1, "col": 6, "changedtick": 78, "typed": "\tfmt.", "filetype": "go", "curpos": [0, 17, 6, 0, 7], "filepath": "/Users/miyajimatakeshi/work/test-go/test.go"}, 6, false, 0]
["core", "s:core_complete"]
["core", "s:remote_refresh", "gocode", ["F", 5, 6], {"lnum": 17, "bufnr": 1, "col": 7, "changedtick": 81, "typed": "\tfmt.F", "filetype": "go", "curpos": [0, 17, 7, 0, 8], "filepath": "/Users/miyajimatakeshi/work/test-go/test.go"}]
["core", "s:remote_refresh", "asyncomplete_lsp_go-langserver", ["F", 5, 6], {"lnum": 17, "bufnr": 1, "col": 7, "changedtick": 81, "typed": "\tfmt.F", "filetype": "go", "curpos": [0, 17, 7, 0, 8], "filepath": "/Users/miyajimatakeshi/work/test-go/test.go"}]
["core", "completor()", "gocode", {"lnum": 17, "bufnr": 1, "col": 7, "changedtick": 81, "typed": "\tfmt.F", "filetype": "go", "curpos": [0, 17, 7, 0, 8], "filepath": "/Users/miyajimatakeshi/work/test-go/test.go"}]
["asyncomplete-gocode.vim", "created tmp file", "/var/folders/nt/1_85kflx24zb07046kysdgnw0000gn/T/nvimxwvLem/8"]
["asyncomplete-gocode.vim", "s:exec", ["/Users/miyajimatakeshi/go/bin/gocode", "-f=vim", "--in=/var/folders/nt/1_85kflx24zb07046kysdgnw0000gn/T/nvimxwvLem/8", "autocomplete", "/Users/miyajimatakeshi/work/test-go/test.go", "170"]]
["asyncomplete-gocode.vim", "deleted temp file ", "/var/folders/nt/1_85kflx24zb07046kysdgnw0000gn/T/nvimxwvLem/8"]
["core", "completor()", "asyncomplete_lsp_go-langserver", {"lnum": 17, "bufnr": 1, "col": 7, "changedtick": 81, "typed": "\tfmt.F", "filetype": "go", "curpos": [0, 17, 7, 0, 8], "filepath": "/Users/miyajimatakeshi/work/test-go/test.go"}]
["core", "s:python_cm_complete", "asyncomplete_lsp_go-langserver", {"lnum": 17, "bufnr": 1, "col": 7, "changedtick": 81, "typed": "\tfmt.F", "filetype": "go", "curpos": [0, 17, 7, 0, 8], "filepath": "/Users/miyajimatakeshi/work/test-go/test.go"}, 6, false, 0]
["core", "s:core_complete"]
["core", "s:remote_refresh", "gocode", ["Fscan", 5, 10], {"lnum": 17, "bufnr": 1, "col": 11, "changedtick": 87, "typed": "\tfmt.Fscan", "filetype": "go", "curpos": [0, 17, 11, 0, 12], "filepath": "/Users/miyajimatakeshi/work/test-go/test.go"}]
["core", "s:remote_refresh", "asyncomplete_lsp_go-langserver", ["Fscan", 5, 10], {"lnum": 17, "bufnr": 1, "col": 11, "changedtick": 87, "typed": "\tfmt.Fscan", "filetype": "go", "curpos": [0, 17, 11, 0, 12], "filepath": "/Users/miyajimatakeshi/work/test-go/test.go"}]
["core", "s:remote_refresh", "gocode", ["Fscanf", 5, 11], {"lnum": 17, "bufnr": 1, "col": 12, "changedtick": 98, "typed": "\tfmt.Fscanf", "filetype": "go", "curpos": [0, 17, 12, 0, 13], "filepath": "/Users/miyajimatakeshi/work/test-go/test.go"}]
["core", "s:remote_refresh", "asyncomplete_lsp_go-langserver", ["Fscanf", 5, 11], {"lnum": 17, "bufnr": 1, "col": 12, "changedtick": 98, "typed": "\tfmt.Fscanf", "filetype": "go", "curpos": [0, 17, 12, 0, 13], "filepath": "/Users/miyajimatakeshi/work/test-go/test.go"}]
["core", "s:remote_refresh", "gocode", ["Fprintf", 5, 12], {"lnum": 17, "bufnr": 1, "col": 13, "changedtick": 111, "typed": "\tfmt.Fprintf", "filetype": "go", "curpos": [0, 17, 13, 0, 14], "filepath": "/Users/miyajimatakeshi/work/test-go/test.go"}]
["core", "s:remote_refresh", "asyncomplete_lsp_go-langserver", ["Fprintf", 5, 12], {"lnum": 17, "bufnr": 1, "col": 13, "changedtick": 111, "typed": "\tfmt.Fprintf", "filetype": "go", "curpos": [0, 17, 13, 0, 14], "filepath": "/Users/miyajimatakeshi/work/test-go/test.go"}]
["core", "s:remote_refresh", "gocode", ["Fprint", 5, 11], {"lnum": 17, "bufnr": 1, "col": 12, "changedtick": 112, "typed": "\tfmt.Fprint", "filetype": "go", "curpos": [0, 17, 12, 0, 13], "filepath": "/Users/miyajimatakeshi/work/test-go/test.go"}]
["core", "s:core_complete"]
["core", "s:remote_refresh", "asyncomplete_lsp_go-langserver", ["Fprint", 5, 11], {"lnum": 17, "bufnr": 1, "col": 12, "changedtick": 112, "typed": "\tfmt.Fprint", "filetype": "go", "curpos": [0, 17, 12, 0, 13], "filepath": "/Users/miyajimatakeshi/work/test-go/test.go"}]
["core", "s:core_complete"]
["core", "s:remote_refresh", "gocode", ["Fprin", 5, 10], {"lnum": 17, "bufnr": 1, "col": 11, "changedtick": 113, "typed": "\tfmt.Fprin", "filetype": "go", "curpos": [0, 17, 11, 0, 12], "filepath": "/Users/miyajimatakeshi/work/test-go/test.go"}]
["core", "s:core_complete"]
["core", "s:remote_refresh", "asyncomplete_lsp_go-langserver", ["Fprin", 5, 10], {"lnum": 17, "bufnr": 1, "col": 11, "changedtick": 113, "typed": "\tfmt.Fprin", "filetype": "go", "curpos": [0, 17, 11, 0, 12], "filepath": "/Users/miyajimatakeshi/work/test-go/test.go"}]
["core", "s:core_complete"]
["core", "s:remote_refresh", "gocode", ["Fpri", 5, 9], {"lnum": 17, "bufnr": 1, "col": 10, "changedtick": 114, "typed": "\tfmt.Fpri", "filetype": "go", "curpos": [0, 17, 10, 0, 11], "filepath": "/Users/miyajimatakeshi/work/test-go/test.go"}]
["core", "s:core_complete"]
["core", "s:remote_refresh", "asyncomplete_lsp_go-langserver", ["Fpri", 5, 9], {"lnum": 17, "bufnr": 1, "col": 10, "changedtick": 114, "typed": "\tfmt.Fpri", "filetype": "go", "curpos": [0, 17, 10, 0, 11], "filepath": "/Users/miyajimatakeshi/work/test-go/test.go"}]
["core", "s:core_complete"]
["core", "s:remote_refresh", "gocode", ["Fpr", 5, 8], {"lnum": 17, "bufnr": 1, "col": 9, "changedtick": 115, "typed": "\tfmt.Fpr", "filetype": "go", "curpos": [0, 17, 9, 0, 10], "filepath": "/Users/miyajimatakeshi/work/test-go/test.go"}]
["core", "s:core_complete"]
["core", "s:remote_refresh", "asyncomplete_lsp_go-langserver", ["Fpr", 5, 8], {"lnum": 17, "bufnr": 1, "col": 9, "changedtick": 115, "typed": "\tfmt.Fpr", "filetype": "go", "curpos": [0, 17, 9, 0, 10], "filepath": "/Users/miyajimatakeshi/work/test-go/test.go"}]
["core", "s:core_complete"]
["core", "s:remote_refresh", "gocode", ["Fp", 5, 7], {"lnum": 17, "bufnr": 1, "col": 8, "changedtick": 116, "typed": "\tfmt.Fp", "filetype": "go", "curpos": [0, 17, 8, 0, 9], "filepath": "/Users/miyajimatakeshi/work/test-go/test.go"}]
["core", "s:core_complete"]
["core", "s:remote_refresh", "asyncomplete_lsp_go-langserver", ["Fp", 5, 7], {"lnum": 17, "bufnr": 1, "col": 8, "changedtick": 116, "typed": "\tfmt.Fp", "filetype": "go", "curpos": [0, 17, 8, 0, 9], "filepath": "/Users/miyajimatakeshi/work/test-go/test.go"}]
["core", "s:core_complete"]
["core", "s:remote_refresh", "gocode", ["F", 5, 6], {"lnum": 17, "bufnr": 1, "col": 7, "changedtick": 117, "typed": "\tfmt.F", "filetype": "go", "curpos": [0, 17, 7, 0, 8], "filepath": "/Users/miyajimatakeshi/work/test-go/test.go"}]
["core", "s:remote_refresh", "asyncomplete_lsp_go-langserver", ["F", 5, 6], {"lnum": 17, "bufnr": 1, "col": 7, "changedtick": 117, "typed": "\tfmt.F", "filetype": "go", "curpos": [0, 17, 7, 0, 8], "filepath": "/Users/miyajimatakeshi/work/test-go/test.go"}]
["core", "completor()", "gocode", {"lnum": 17, "bufnr": 1, "col": 7, "changedtick": 117, "typed": "\tfmt.F", "filetype": "go", "curpos": [0, 17, 7, 0, 8], "filepath": "/Users/miyajimatakeshi/work/test-go/test.go"}]
["asyncomplete-gocode.vim", "created tmp file", "/var/folders/nt/1_85kflx24zb07046kysdgnw0000gn/T/nvimxwvLem/9"]
["asyncomplete-gocode.vim", "s:exec", ["/Users/miyajimatakeshi/go/bin/gocode", "-f=vim", "--in=/var/folders/nt/1_85kflx24zb07046kysdgnw0000gn/T/nvimxwvLem/9", "autocomplete", "/Users/miyajimatakeshi/work/test-go/test.go", "170"]]
["asyncomplete-gocode.vim", "deleted temp file ", "/var/folders/nt/1_85kflx24zb07046kysdgnw0000gn/T/nvimxwvLem/9"]
["core", "completor()", "asyncomplete_lsp_go-langserver", {"lnum": 17, "bufnr": 1, "col": 7, "changedtick": 117, "typed": "\tfmt.F", "filetype": "go", "curpos": [0, 17, 7, 0, 8], "filepath": "/Users/miyajimatakeshi/work/test-go/test.go"}]
["core", "s:python_cm_complete", "asyncomplete_lsp_go-langserver", {"lnum": 17, "bufnr": 1, "col": 7, "changedtick": 117, "typed": "\tfmt.F", "filetype": "go", "curpos": [0, 17, 7, 0, 8], "filepath": "/Users/miyajimatakeshi/work/test-go/test.go"}, 6, false, 0]
["core", "s:core_complete"]
["core", "s:remote_refresh", "gocode", [".", 4, 5], {"lnum": 17, "bufnr": 1, "col": 6, "changedtick": 118, "typed": "\tfmt.", "filetype": "go", "curpos": [0, 17, 6, 0, 7], "filepath": "/Users/miyajimatakeshi/work/test-go/test.go"}]
["core", "s:remote_refresh", "asyncomplete_lsp_go-langserver", [".", 4, 5], {"lnum": 17, "bufnr": 1, "col": 6, "changedtick": 118, "typed": "\tfmt.", "filetype": "go", "curpos": [0, 17, 6, 0, 7], "filepath": "/Users/miyajimatakeshi/work/test-go/test.go"}]
["core", "completor()", "gocode", {"lnum": 17, "bufnr": 1, "col": 6, "changedtick": 118, "typed": "\tfmt.", "filetype": "go", "curpos": [0, 17, 6, 0, 7], "filepath": "/Users/miyajimatakeshi/work/test-go/test.go"}]
["asyncomplete-gocode.vim", "created tmp file", "/var/folders/nt/1_85kflx24zb07046kysdgnw0000gn/T/nvimxwvLem/10"]
["asyncomplete-gocode.vim", "s:exec", ["/Users/miyajimatakeshi/go/bin/gocode", "-f=vim", "--in=/var/folders/nt/1_85kflx24zb07046kysdgnw0000gn/T/nvimxwvLem/10", "autocomplete", "/Users/miyajimatakeshi/work/test-go/test.go", "169"]]
["asyncomplete-gocode.vim", "deleted temp file ", "/var/folders/nt/1_85kflx24zb07046kysdgnw0000gn/T/nvimxwvLem/10"]
["core", "completor()", "asyncomplete_lsp_go-langserver", {"lnum": 17, "bufnr": 1, "col": 6, "changedtick": 118, "typed": "\tfmt.", "filetype": "go", "curpos": [0, 17, 6, 0, 7], "filepath": "/Users/miyajimatakeshi/work/test-go/test.go"}]
["core", "s:python_cm_complete", "asyncomplete_lsp_go-langserver", {"lnum": 17, "bufnr": 1, "col": 6, "changedtick": 118, "typed": "\tfmt.", "filetype": "go", "curpos": [0, 17, 6, 0, 7], "filepath": "/Users/miyajimatakeshi/work/test-go/test.go"}, 6, false, 0]
["core", "s:core_complete"]
["core", "s:remote_refresh", "gocode", ["p", 5, 6], {"lnum": 17, "bufnr": 1, "col": 7, "changedtick": 121, "typed": "\tfmt.p", "filetype": "go", "curpos": [0, 17, 7, 0, 8], "filepath": "/Users/miyajimatakeshi/work/test-go/test.go"}]
["core", "s:remote_refresh", "asyncomplete_lsp_go-langserver", ["p", 5, 6], {"lnum": 17, "bufnr": 1, "col": 7, "changedtick": 121, "typed": "\tfmt.p", "filetype": "go", "curpos": [0, 17, 7, 0, 8], "filepath": "/Users/miyajimatakeshi/work/test-go/test.go"}]
["core", "completor()", "gocode", {"lnum": 17, "bufnr": 1, "col": 7, "changedtick": 121, "typed": "\tfmt.p", "filetype": "go", "curpos": [0, 17, 7, 0, 8], "filepath": "/Users/miyajimatakeshi/work/test-go/test.go"}]
["asyncomplete-gocode.vim", "created tmp file", "/var/folders/nt/1_85kflx24zb07046kysdgnw0000gn/T/nvimxwvLem/11"]
["asyncomplete-gocode.vim", "s:exec", ["/Users/miyajimatakeshi/go/bin/gocode", "-f=vim", "--in=/var/folders/nt/1_85kflx24zb07046kysdgnw0000gn/T/nvimxwvLem/11", "autocomplete", "/Users/miyajimatakeshi/work/test-go/test.go", "170"]]
["asyncomplete-gocode.vim", "deleted temp file ", "/var/folders/nt/1_85kflx24zb07046kysdgnw0000gn/T/nvimxwvLem/11"]
["core", "completor()", "asyncomplete_lsp_go-langserver", {"lnum": 17, "bufnr": 1, "col": 7, "changedtick": 121, "typed": "\tfmt.p", "filetype": "go", "curpos": [0, 17, 7, 0, 8], "filepath": "/Users/miyajimatakeshi/work/test-go/test.go"}]
["core", "s:python_cm_complete", "asyncomplete_lsp_go-langserver", {"lnum": 17, "bufnr": 1, "col": 7, "changedtick": 121, "typed": "\tfmt.p", "filetype": "go", "curpos": [0, 17, 7, 0, 8], "filepath": "/Users/miyajimatakeshi/work/test-go/test.go"}, 6, false, 0]
["core", "s:core_complete"]
["core", "s:remote_refresh", "gocode", ["pr", 5, 7], {"lnum": 17, "bufnr": 1, "col": 8, "changedtick": 126, "typed": "\tfmt.pr", "filetype": "go", "curpos": [0, 17, 8, 0, 9], "filepath": "/Users/miyajimatakeshi/work/test-go/test.go"}]
["core", "s:core_complete"]
["core", "s:remote_refresh", "asyncomplete_lsp_go-langserver", ["pr", 5, 7], {"lnum": 17, "bufnr": 1, "col": 8, "changedtick": 126, "typed": "\tfmt.pr", "filetype": "go", "curpos": [0, 17, 8, 0, 9], "filepath": "/Users/miyajimatakeshi/work/test-go/test.go"}]
["core", "s:core_complete"]
["core", "s:remote_refresh", "gocode", ["pri", 5, 8], {"lnum": 17, "bufnr": 1, "col": 9, "changedtick": 133, "typed": "\tfmt.pri", "filetype": "go", "curpos": [0, 17, 9, 0, 10], "filepath": "/Users/miyajimatakeshi/work/test-go/test.go"}]
["core", "s:core_complete"]
["core", "s:remote_refresh", "asyncomplete_lsp_go-langserver", ["pri", 5, 8], {"lnum": 17, "bufnr": 1, "col": 9, "changedtick": 133, "typed": "\tfmt.pri", "filetype": "go", "curpos": [0, 17, 9, 0, 10], "filepath": "/Users/miyajimatakeshi/work/test-go/test.go"}]
["core", "s:core_complete"]
["core", "s:remote_refresh", "gocode", ["prin", 5, 9], {"lnum": 17, "bufnr": 1, "col": 10, "changedtick": 142, "typed": "\tfmt.prin", "filetype": "go", "curpos": [0, 17, 10, 0, 11], "filepath": "/Users/miyajimatakeshi/work/test-go/test.go"}]
["core", "s:core_complete"]
["core", "s:remote_refresh", "asyncomplete_lsp_go-langserver", ["prin", 5, 9], {"lnum": 17, "bufnr": 1, "col": 10, "changedtick": 142, "typed": "\tfmt.prin", "filetype": "go", "curpos": [0, 17, 10, 0, 11], "filepath": "/Users/miyajimatakeshi/work/test-go/test.go"}]
["core", "s:core_complete"]
["core", "s:remote_refresh", "gocode", ["print", 5, 10], {"lnum": 17, "bufnr": 1, "col": 11, "changedtick": 153, "typed": "\tfmt.print", "filetype": "go", "curpos": [0, 17, 11, 0, 12], "filepath": "/Users/miyajimatakeshi/work/test-go/test.go"}]
["core", "s:core_complete"]
["core", "s:remote_refresh", "asyncomplete_lsp_go-langserver", ["print", 5, 10], {"lnum": 17, "bufnr": 1, "col": 11, "changedtick": 153, "typed": "\tfmt.print", "filetype": "go", "curpos": [0, 17, 11, 0, 12], "filepath": "/Users/miyajimatakeshi/work/test-go/test.go"}]
["core", "s:core_complete"]
["core", "s:remote_refresh", "gocode", ["Print", 5, 10], {"lnum": 17, "bufnr": 1, "col": 11, "changedtick": 163, "typed": "\tfmt.Print", "filetype": "go", "curpos": [0, 17, 11, 0, 12], "filepath": "/Users/miyajimatakeshi/work/test-go/test.go"}]
["core", "s:remote_refresh", "asyncomplete_lsp_go-langserver", ["Print", 5, 10], {"lnum": 17, "bufnr": 1, "col": 11, "changedtick": 163, "typed": "\tfmt.Print", "filetype": "go", "curpos": [0, 17, 11, 0, 12], "filepath": "/Users/miyajimatakeshi/work/test-go/test.go"}]
["core", "remote_insert_leave"]
["core", "s:clear_active_sources", 1]
["core", "remote_insert_enter"]
["core", "computing get_active_sources_for_buffer", 1]
["core", "s:remote_refresh", "gocode", ["", -1, -1], {"lnum": 17, "bufnr": 1, "col": 2, "changedtick": 168, "typed": "\t", "filetype": "go", "curpos": [0, 17, 2, 0, 3], "filepath": "/Users/miyajimatakeshi/work/test-go/test.go"}]
["core", "s:remote_refresh", "asyncomplete_lsp_go-langserver", ["", -1, -1], {"lnum": 17, "bufnr": 1, "col": 2, "changedtick": 168, "typed": "\t", "filetype": "go", "curpos": [0, 17, 2, 0, 3], "filepath": "/Users/miyajimatakeshi/work/test-go/test.go"}]
["core", "s:remote_refresh", "gocode", ["f", 1, 2], {"lnum": 17, "bufnr": 1, "col": 3, "changedtick": 169, "typed": "\tf", "filetype": "go", "curpos": [0, 17, 3, 0, 4], "filepath": "/Users/miyajimatakeshi/work/test-go/test.go"}]
["core", "s:remote_refresh", "asyncomplete_lsp_go-langserver", ["f", 1, 2], {"lnum": 17, "bufnr": 1, "col": 3, "changedtick": 169, "typed": "\tf", "filetype": "go", "curpos": [0, 17, 3, 0, 4], "filepath": "/Users/miyajimatakeshi/work/test-go/test.go"}]
["core", "completor()", "gocode", {"lnum": 17, "bufnr": 1, "col": 3, "changedtick": 169, "typed": "\tf", "filetype": "go", "curpos": [0, 17, 3, 0, 4], "filepath": "/Users/miyajimatakeshi/work/test-go/test.go"}]
["asyncomplete-gocode.vim", "created tmp file", "/var/folders/nt/1_85kflx24zb07046kysdgnw0000gn/T/nvimxwvLem/13"]
["asyncomplete-gocode.vim", "s:exec", ["/Users/miyajimatakeshi/go/bin/gocode", "-f=vim", "--in=/var/folders/nt/1_85kflx24zb07046kysdgnw0000gn/T/nvimxwvLem/13", "autocomplete", "/Users/miyajimatakeshi/work/test-go/test.go", "166"]]
["asyncomplete-gocode.vim", "deleted temp file ", "/var/folders/nt/1_85kflx24zb07046kysdgnw0000gn/T/nvimxwvLem/13"]
["core", "completor()", "asyncomplete_lsp_go-langserver", {"lnum": 17, "bufnr": 1, "col": 3, "changedtick": 169, "typed": "\tf", "filetype": "go", "curpos": [0, 17, 3, 0, 4], "filepath": "/Users/miyajimatakeshi/work/test-go/test.go"}]
["core", "s:python_cm_complete", "asyncomplete_lsp_go-langserver", {"lnum": 17, "bufnr": 1, "col": 3, "changedtick": 169, "typed": "\tf", "filetype": "go", "curpos": [0, 17, 3, 0, 4], "filepath": "/Users/miyajimatakeshi/work/test-go/test.go"}, 2, false, 0]
["core", "s:core_complete"]
["core", "s:remote_refresh", "gocode", ["fm", 1, 3], {"lnum": 17, "bufnr": 1, "col": 4, "changedtick": 174, "typed": "\tfm", "filetype": "go", "curpos": [0, 17, 4, 0, 5], "filepath": "/Users/miyajimatakeshi/work/test-go/test.go"}]
["core", "s:core_complete"]
["core", "s:remote_refresh", "asyncomplete_lsp_go-langserver", ["fm", 1, 3], {"lnum": 17, "bufnr": 1, "col": 4, "changedtick": 174, "typed": "\tfm", "filetype": "go", "curpos": [0, 17, 4, 0, 5], "filepath": "/Users/miyajimatakeshi/work/test-go/test.go"}]
["core", "s:core_complete"]
["core", "s:remote_refresh", "gocode", ["fmt", 1, 4], {"lnum": 17, "bufnr": 1, "col": 5, "changedtick": 181, "typed": "\tfmt", "filetype": "go", "curpos": [0, 17, 5, 0, 6], "filepath": "/Users/miyajimatakeshi/work/test-go/test.go"}]
["core", "s:core_complete"]
["core", "s:remote_refresh", "asyncomplete_lsp_go-langserver", ["fmt", 1, 4], {"lnum": 17, "bufnr": 1, "col": 5, "changedtick": 181, "typed": "\tfmt", "filetype": "go", "curpos": [0, 17, 5, 0, 6], "filepath": "/Users/miyajimatakeshi/work/test-go/test.go"}]
["core", "s:core_complete"]
["core", "s:remote_refresh", "gocode", [".", 4, 5], {"lnum": 17, "bufnr": 1, "col": 6, "changedtick": 182, "typed": "\tfmt.", "filetype": "go", "curpos": [0, 17, 6, 0, 7], "filepath": "/Users/miyajimatakeshi/work/test-go/test.go"}]
["core", "s:remote_refresh", "asyncomplete_lsp_go-langserver", [".", 4, 5], {"lnum": 17, "bufnr": 1, "col": 6, "changedtick": 182, "typed": "\tfmt.", "filetype": "go", "curpos": [0, 17, 6, 0, 7], "filepath": "/Users/miyajimatakeshi/work/test-go/test.go"}]
["core", "completor()", "gocode", {"lnum": 17, "bufnr": 1, "col": 6, "changedtick": 182, "typed": "\tfmt.", "filetype": "go", "curpos": [0, 17, 6, 0, 7], "filepath": "/Users/miyajimatakeshi/work/test-go/test.go"}]
["asyncomplete-gocode.vim", "created tmp file", "/var/folders/nt/1_85kflx24zb07046kysdgnw0000gn/T/nvimxwvLem/14"]
["asyncomplete-gocode.vim", "s:exec", ["/Users/miyajimatakeshi/go/bin/gocode", "-f=vim", "--in=/var/folders/nt/1_85kflx24zb07046kysdgnw0000gn/T/nvimxwvLem/14", "autocomplete", "/Users/miyajimatakeshi/work/test-go/test.go", "169"]]
["asyncomplete-gocode.vim", "deleted temp file ", "/var/folders/nt/1_85kflx24zb07046kysdgnw0000gn/T/nvimxwvLem/14"]
["core", "completor()", "asyncomplete_lsp_go-langserver", {"lnum": 17, "bufnr": 1, "col": 6, "changedtick": 182, "typed": "\tfmt.", "filetype": "go", "curpos": [0, 17, 6, 0, 7], "filepath": "/Users/miyajimatakeshi/work/test-go/test.go"}]
["core", "s:python_cm_complete", "asyncomplete_lsp_go-langserver", {"lnum": 17, "bufnr": 1, "col": 6, "changedtick": 182, "typed": "\tfmt.", "filetype": "go", "curpos": [0, 17, 6, 0, 7], "filepath": "/Users/miyajimatakeshi/work/test-go/test.go"}, 6, false, 0]
["core", "s:core_complete"]
["core", "s:remote_refresh", "gocode", ["F", 5, 6], {"lnum": 17, "bufnr": 1, "col": 7, "changedtick": 185, "typed": "\tfmt.F", "filetype": "go", "curpos": [0, 17, 7, 0, 8], "filepath": "/Users/miyajimatakeshi/work/test-go/test.go"}]
["core", "s:remote_refresh", "asyncomplete_lsp_go-langserver", ["F", 5, 6], {"lnum": 17, "bufnr": 1, "col": 7, "changedtick": 185, "typed": "\tfmt.F", "filetype": "go", "curpos": [0, 17, 7, 0, 8], "filepath": "/Users/miyajimatakeshi/work/test-go/test.go"}]
["core", "completor()", "gocode", {"lnum": 17, "bufnr": 1, "col": 7, "changedtick": 185, "typed": "\tfmt.F", "filetype": "go", "curpos": [0, 17, 7, 0, 8], "filepath": "/Users/miyajimatakeshi/work/test-go/test.go"}]
["asyncomplete-gocode.vim", "created tmp file", "/var/folders/nt/1_85kflx24zb07046kysdgnw0000gn/T/nvimxwvLem/15"]
["asyncomplete-gocode.vim", "s:exec", ["/Users/miyajimatakeshi/go/bin/gocode", "-f=vim", "--in=/var/folders/nt/1_85kflx24zb07046kysdgnw0000gn/T/nvimxwvLem/15", "autocomplete", "/Users/miyajimatakeshi/work/test-go/test.go", "170"]]
["asyncomplete-gocode.vim", "deleted temp file ", "/var/folders/nt/1_85kflx24zb07046kysdgnw0000gn/T/nvimxwvLem/15"]
["core", "completor()", "asyncomplete_lsp_go-langserver", {"lnum": 17, "bufnr": 1, "col": 7, "changedtick": 185, "typed": "\tfmt.F", "filetype": "go", "curpos": [0, 17, 7, 0, 8], "filepath": "/Users/miyajimatakeshi/work/test-go/test.go"}]
["core", "s:python_cm_complete", "asyncomplete_lsp_go-langserver", {"lnum": 17, "bufnr": 1, "col": 7, "changedtick": 185, "typed": "\tfmt.F", "filetype": "go", "curpos": [0, 17, 7, 0, 8], "filepath": "/Users/miyajimatakeshi/work/test-go/test.go"}, 6, false, 0]
["core", "s:core_complete"]
["core", "remote_insert_leave"]
["core", "s:clear_active_sources", 1]
["core", "s:clear_active_sources", 1]
["core", "s:clear_active_sources", 1]
["core", "s:clear_active_sources", 1]
["core", "remote_insert_enter"]
["core", "remote_insert_leave"]
["core", "s:clear_active_sources", 1]
["core", "s:clear_active_sources", 1]
["core", "s:clear_active_sources", 1]
["core", "s:clear_active_sources", 1]
["core", "remote_insert_enter"]
["core", "computing get_active_sources_for_buffer", 1]
["core", "s:remote_refresh", "gocode", ["", -1, -1], {"lnum": 17, "bufnr": 1, "col": 2, "changedtick": 4, "typed": "\t", "filetype": "go", "curpos": [0, 17, 2, 0, 3], "filepath": "/Users/miyajimatakeshi/work/test-go/test.go"}]
["core", "s:remote_refresh", "asyncomplete_lsp_go-langserver", ["", -1, -1], {"lnum": 17, "bufnr": 1, "col": 2, "changedtick": 4, "typed": "\t", "filetype": "go", "curpos": [0, 17, 2, 0, 3], "filepath": "/Users/miyajimatakeshi/work/test-go/test.go"}]
["core", "s:remote_refresh", "gocode", ["f", 1, 2], {"lnum": 17, "bufnr": 1, "col": 3, "changedtick": 5, "typed": "\tf", "filetype": "go", "curpos": [0, 17, 3, 0, 4], "filepath": "/Users/miyajimatakeshi/work/test-go/test.go"}]
["core", "s:remote_refresh", "asyncomplete_lsp_go-langserver", ["f", 1, 2], {"lnum": 17, "bufnr": 1, "col": 3, "changedtick": 5, "typed": "\tf", "filetype": "go", "curpos": [0, 17, 3, 0, 4], "filepath": "/Users/miyajimatakeshi/work/test-go/test.go"}]
["core", "completor()", "gocode", {"lnum": 17, "bufnr": 1, "col": 3, "changedtick": 5, "typed": "\tf", "filetype": "go", "curpos": [0, 17, 3, 0, 4], "filepath": "/Users/miyajimatakeshi/work/test-go/test.go"}]
["asyncomplete-gocode.vim", "created tmp file", "/var/folders/nt/1_85kflx24zb07046kysdgnw0000gn/T/nvimoEFCjx/3"]
["asyncomplete-gocode.vim", "s:exec", ["/Users/miyajimatakeshi/go/bin/gocode", "-f=vim", "--in=/var/folders/nt/1_85kflx24zb07046kysdgnw0000gn/T/nvimoEFCjx/3", "autocomplete", "/Users/miyajimatakeshi/work/test-go/test.go", "166"]]
["asyncomplete-gocode.vim", "deleted temp file ", "/var/folders/nt/1_85kflx24zb07046kysdgnw0000gn/T/nvimoEFCjx/3"]
["core", "completor()", "asyncomplete_lsp_go-langserver", {"lnum": 17, "bufnr": 1, "col": 3, "changedtick": 5, "typed": "\tf", "filetype": "go", "curpos": [0, 17, 3, 0, 4], "filepath": "/Users/miyajimatakeshi/work/test-go/test.go"}]
["core", "s:python_cm_complete", "asyncomplete_lsp_go-langserver", {"lnum": 17, "bufnr": 1, "col": 3, "changedtick": 5, "typed": "\tf", "filetype": "go", "curpos": [0, 17, 3, 0, 4], "filepath": "/Users/miyajimatakeshi/work/test-go/test.go"}, 2, false, 0]
["core", "s:core_complete"]
["core", "s:remote_refresh", "gocode", ["fm", 1, 3], {"lnum": 17, "bufnr": 1, "col": 4, "changedtick": 10, "typed": "\tfm", "filetype": "go", "curpos": [0, 17, 4, 0, 5], "filepath": "/Users/miyajimatakeshi/work/test-go/test.go"}]
["core", "s:core_complete"]
["core", "s:remote_refresh", "asyncomplete_lsp_go-langserver", ["fm", 1, 3], {"lnum": 17, "bufnr": 1, "col": 4, "changedtick": 10, "typed": "\tfm", "filetype": "go", "curpos": [0, 17, 4, 0, 5], "filepath": "/Users/miyajimatakeshi/work/test-go/test.go"}]
["core", "s:core_complete"]
["core", "s:remote_refresh", "gocode", ["fmt", 1, 4], {"lnum": 17, "bufnr": 1, "col": 5, "changedtick": 17, "typed": "\tfmt", "filetype": "go", "curpos": [0, 17, 5, 0, 6], "filepath": "/Users/miyajimatakeshi/work/test-go/test.go"}]
["core", "s:core_complete"]
["core", "s:remote_refresh", "asyncomplete_lsp_go-langserver", ["fmt", 1, 4], {"lnum": 17, "bufnr": 1, "col": 5, "changedtick": 17, "typed": "\tfmt", "filetype": "go", "curpos": [0, 17, 5, 0, 6], "filepath": "/Users/miyajimatakeshi/work/test-go/test.go"}]
["core", "s:core_complete"]
["core", "s:remote_refresh", "gocode", [".", 4, 5], {"lnum": 17, "bufnr": 1, "col": 6, "changedtick": 18, "typed": "\tfmt.", "filetype": "go", "curpos": [0, 17, 6, 0, 7], "filepath": "/Users/miyajimatakeshi/work/test-go/test.go"}]
["core", "s:remote_refresh", "asyncomplete_lsp_go-langserver", [".", 4, 5], {"lnum": 17, "bufnr": 1, "col": 6, "changedtick": 18, "typed": "\tfmt.", "filetype": "go", "curpos": [0, 17, 6, 0, 7], "filepath": "/Users/miyajimatakeshi/work/test-go/test.go"}]
["core", "completor()", "gocode", {"lnum": 17, "bufnr": 1, "col": 6, "changedtick": 18, "typed": "\tfmt.", "filetype": "go", "curpos": [0, 17, 6, 0, 7], "filepath": "/Users/miyajimatakeshi/work/test-go/test.go"}]
["asyncomplete-gocode.vim", "created tmp file", "/var/folders/nt/1_85kflx24zb07046kysdgnw0000gn/T/nvimoEFCjx/4"]
["asyncomplete-gocode.vim", "s:exec", ["/Users/miyajimatakeshi/go/bin/gocode", "-f=vim", "--in=/var/folders/nt/1_85kflx24zb07046kysdgnw0000gn/T/nvimoEFCjx/4", "autocomplete", "/Users/miyajimatakeshi/work/test-go/test.go", "169"]]
["asyncomplete-gocode.vim", "deleted temp file ", "/var/folders/nt/1_85kflx24zb07046kysdgnw0000gn/T/nvimoEFCjx/4"]
["core", "completor()", "asyncomplete_lsp_go-langserver", {"lnum": 17, "bufnr": 1, "col": 6, "changedtick": 18, "typed": "\tfmt.", "filetype": "go", "curpos": [0, 17, 6, 0, 7], "filepath": "/Users/miyajimatakeshi/work/test-go/test.go"}]
["core", "s:python_cm_complete", "asyncomplete_lsp_go-langserver", {"lnum": 17, "bufnr": 1, "col": 6, "changedtick": 18, "typed": "\tfmt.", "filetype": "go", "curpos": [0, 17, 6, 0, 7], "filepath": "/Users/miyajimatakeshi/work/test-go/test.go"}, 6, false, 0]
["core", "s:core_complete"]
["core", "s:remote_refresh", "gocode", ["Scan", 5, 9], {"lnum": 17, "bufnr": 1, "col": 10, "changedtick": 22, "typed": "\tfmt.Scan", "filetype": "go", "curpos": [0, 17, 10, 0, 11], "filepath": "/Users/miyajimatakeshi/work/test-go/test.go"}]
["core", "s:remote_refresh", "asyncomplete_lsp_go-langserver", ["Scan", 5, 9], {"lnum": 17, "bufnr": 1, "col": 10, "changedtick": 22, "typed": "\tfmt.Scan", "filetype": "go", "curpos": [0, 17, 10, 0, 11], "filepath": "/Users/miyajimatakeshi/work/test-go/test.go"}]
["core", "s:remote_refresh", "gocode", ["Print", 5, 10], {"lnum": 17, "bufnr": 1, "col": 11, "changedtick": 31, "typed": "\tfmt.Print", "filetype": "go", "curpos": [0, 17, 11, 0, 12], "filepath": "/Users/miyajimatakeshi/work/test-go/test.go"}]
["core", "s:remote_refresh", "asyncomplete_lsp_go-langserver", ["Print", 5, 10], {"lnum": 17, "bufnr": 1, "col": 11, "changedtick": 31, "typed": "\tfmt.Print", "filetype": "go", "curpos": [0, 17, 11, 0, 12], "filepath": "/Users/miyajimatakeshi/work/test-go/test.go"}]
["core", "s:remote_refresh", "gocode", ["State", 5, 10], {"lnum": 17, "bufnr": 1, "col": 11, "changedtick": 41, "typed": "\tfmt.State", "filetype": "go", "curpos": [0, 17, 11, 0, 12], "filepath": "/Users/miyajimatakeshi/work/test-go/test.go"}]
["core", "s:remote_refresh", "asyncomplete_lsp_go-langserver", ["State", 5, 10], {"lnum": 17, "bufnr": 1, "col": 11, "changedtick": 41, "typed": "\tfmt.State", "filetype": "go", "curpos": [0, 17, 11, 0, 12], "filepath": "/Users/miyajimatakeshi/work/test-go/test.go"}]
["core", "s:remote_refresh", "gocode", ["Sscan", 5, 10], {"lnum": 17, "bufnr": 1, "col": 11, "changedtick": 51, "typed": "\tfmt.Sscan", "filetype": "go", "curpos": [0, 17, 11, 0, 12], "filepath": "/Users/miyajimatakeshi/work/test-go/test.go"}]
["core", "s:remote_refresh", "asyncomplete_lsp_go-langserver", ["Sscan", 5, 10], {"lnum": 17, "bufnr": 1, "col": 11, "changedtick": 51, "typed": "\tfmt.Sscan", "filetype": "go", "curpos": [0, 17, 11, 0, 12], "filepath": "/Users/miyajimatakeshi/work/test-go/test.go"}]
["core", "s:remote_refresh", "gocode", ["Fscan", 5, 10], {"lnum": 17, "bufnr": 1, "col": 11, "changedtick": 61, "typed": "\tfmt.Fscan", "filetype": "go", "curpos": [0, 17, 11, 0, 12], "filepath": "/Users/miyajimatakeshi/work/test-go/test.go"}]
["core", "s:remote_refresh", "asyncomplete_lsp_go-langserver", ["Fscan", 5, 10], {"lnum": 17, "bufnr": 1, "col": 11, "changedtick": 61, "typed": "\tfmt.Fscan", "filetype": "go", "curpos": [0, 17, 11, 0, 12], "filepath": "/Users/miyajimatakeshi/work/test-go/test.go"}]
["core", "s:remote_refresh", "gocode", ["Scanf", 5, 10], {"lnum": 17, "bufnr": 1, "col": 11, "changedtick": 71, "typed": "\tfmt.Scanf", "filetype": "go", "curpos": [0, 17, 11, 0, 12], "filepath": "/Users/miyajimatakeshi/work/test-go/test.go"}]
["core", "s:remote_refresh", "asyncomplete_lsp_go-langserver", ["Scanf", 5, 10], {"lnum": 17, "bufnr": 1, "col": 11, "changedtick": 71, "typed": "\tfmt.Scanf", "filetype": "go", "curpos": [0, 17, 11, 0, 12], "filepath": "/Users/miyajimatakeshi/work/test-go/test.go"}]
["core", "s:remote_refresh", "gocode", ["Errorf", 5, 11], {"lnum": 17, "bufnr": 1, "col": 12, "changedtick": 82, "typed": "\tfmt.Errorf", "filetype": "go", "curpos": [0, 17, 12, 0, 13], "filepath": "/Users/miyajimatakeshi/work/test-go/test.go"}]
["core", "s:remote_refresh", "asyncomplete_lsp_go-langserver", ["Errorf", 5, 11], {"lnum": 17, "bufnr": 1, "col": 12, "changedtick": 82, "typed": "\tfmt.Errorf", "filetype": "go", "curpos": [0, 17, 12, 0, 13], "filepath": "/Users/miyajimatakeshi/work/test-go/test.go"}]
["core", "s:remote_refresh", "gocode", ["Fprint", 5, 11], {"lnum": 17, "bufnr": 1, "col": 12, "changedtick": 94, "typed": "\tfmt.Fprint", "filetype": "go", "curpos": [0, 17, 12, 0, 13], "filepath": "/Users/miyajimatakeshi/work/test-go/test.go"}]
["core", "s:remote_refresh", "asyncomplete_lsp_go-langserver", ["Fprint", 5, 11], {"lnum": 17, "bufnr": 1, "col": 12, "changedtick": 94, "typed": "\tfmt.Fprint", "filetype": "go", "curpos": [0, 17, 12, 0, 13], "filepath": "/Users/miyajimatakeshi/work/test-go/test.go"}]
["core", "s:remote_refresh", "gocode", ["Fscanf", 5, 11], {"lnum": 17, "bufnr": 1, "col": 12, "changedtick": 106, "typed": "\tfmt.Fscanf", "filetype": "go", "curpos": [0, 17, 12, 0, 13], "filepath": "/Users/miyajimatakeshi/work/test-go/test.go"}]
["core", "s:remote_refresh", "asyncomplete_lsp_go-langserver", ["Fscanf", 5, 11], {"lnum": 17, "bufnr": 1, "col": 12, "changedtick": 106, "typed": "\tfmt.Fscanf", "filetype": "go", "curpos": [0, 17, 12, 0, 13], "filepath": "/Users/miyajimatakeshi/work/test-go/test.go"}]
["core", "s:remote_refresh", "gocode", ["Scanln", 5, 11], {"lnum": 17, "bufnr": 1, "col": 12, "changedtick": 118, "typed": "\tfmt.Scanln", "filetype": "go", "curpos": [0, 17, 12, 0, 13], "filepath": "/Users/miyajimatakeshi/work/test-go/test.go"}]
["core", "s:remote_refresh", "asyncomplete_lsp_go-langserver", ["Scanln", 5, 11], {"lnum": 17, "bufnr": 1, "col": 12, "changedtick": 118, "typed": "\tfmt.Scanln", "filetype": "go", "curpos": [0, 17, 12, 0, 13], "filepath": "/Users/miyajimatakeshi/work/test-go/test.go"}]
["core", "s:remote_refresh", "gocode", ["Sscanf", 5, 11], {"lnum": 17, "bufnr": 1, "col": 12, "changedtick": 130, "typed": "\tfmt.Sscanf", "filetype": "go", "curpos": [0, 17, 12, 0, 13], "filepath": "/Users/miyajimatakeshi/work/test-go/test.go"}]
["core", "s:remote_refresh", "asyncomplete_lsp_go-langserver", ["Sscanf", 5, 11], {"lnum": 17, "bufnr": 1, "col": 12, "changedtick": 130, "typed": "\tfmt.Sscanf", "filetype": "go", "curpos": [0, 17, 12, 0, 13], "filepath": "/Users/miyajimatakeshi/work/test-go/test.go"}]
["core", "s:remote_refresh", "gocode", ["Sprint", 5, 11], {"lnum": 17, "bufnr": 1, "col": 12, "changedtick": 142, "typed": "\tfmt.Sprint", "filetype": "go", "curpos": [0, 17, 12, 0, 13], "filepath": "/Users/miyajimatakeshi/work/test-go/test.go"}]
["core", "s:remote_refresh", "asyncomplete_lsp_go-langserver", ["Sprint", 5, 11], {"lnum": 17, "bufnr": 1, "col": 12, "changedtick": 142, "typed": "\tfmt.Sprint", "filetype": "go", "curpos": [0, 17, 12, 0, 13], "filepath": "/Users/miyajimatakeshi/work/test-go/test.go"}]
["core", "s:remote_refresh", "gocode", ["Printf", 5, 11], {"lnum": 17, "bufnr": 1, "col": 12, "changedtick": 154, "typed": "\tfmt.Printf", "filetype": "go", "curpos": [0, 17, 12, 0, 13], "filepath": "/Users/miyajimatakeshi/work/test-go/test.go"}]
["core", "s:remote_refresh", "asyncomplete_lsp_go-langserver", ["Printf", 5, 11], {"lnum": 17, "bufnr": 1, "col": 12, "changedtick": 154, "typed": "\tfmt.Printf", "filetype": "go", "curpos": [0, 17, 12, 0, 13], "filepath": "/Users/miyajimatakeshi/work/test-go/test.go"}]
["core", "s:remote_refresh", "gocode", ["Sscanln", 5, 12], {"lnum": 17, "bufnr": 1, "col": 13, "changedtick": 167, "typed": "\tfmt.Sscanln", "filetype": "go", "curpos": [0, 17, 13, 0, 14], "filepath": "/Users/miyajimatakeshi/work/test-go/test.go"}]
["core", "s:remote_refresh", "asyncomplete_lsp_go-langserver", ["Sscanln", 5, 12], {"lnum": 17, "bufnr": 1, "col": 13, "changedtick": 167, "typed": "\tfmt.Sscanln", "filetype": "go", "curpos": [0, 17, 13, 0, 14], "filepath": "/Users/miyajimatakeshi/work/test-go/test.go"}]
["core", "s:remote_refresh", "gocode", ["Sprintf", 5, 12], {"lnum": 17, "bufnr": 1, "col": 13, "changedtick": 181, "typed": "\tfmt.Sprintf", "filetype": "go", "curpos": [0, 17, 13, 0, 14], "filepath": "/Users/miyajimatakeshi/work/test-go/test.go"}]
["core", "s:remote_refresh", "asyncomplete_lsp_go-langserver", ["Sprintf", 5, 12], {"lnum": 17, "bufnr": 1, "col": 13, "changedtick": 181, "typed": "\tfmt.Sprintf", "filetype": "go", "curpos": [0, 17, 13, 0, 14], "filepath": "/Users/miyajimatakeshi/work/test-go/test.go"}]
["core", "s:remote_refresh", "gocode", ["Fscanln", 5, 12], {"lnum": 17, "bufnr": 1, "col": 13, "changedtick": 195, "typed": "\tfmt.Fscanln", "filetype": "go", "curpos": [0, 17, 13, 0, 14], "filepath": "/Users/miyajimatakeshi/work/test-go/test.go"}]
["core", "s:remote_refresh", "asyncomplete_lsp_go-langserver", ["Fscanln", 5, 12], {"lnum": 17, "bufnr": 1, "col": 13, "changedtick": 195, "typed": "\tfmt.Fscanln", "filetype": "go", "curpos": [0, 17, 13, 0, 14], "filepath": "/Users/miyajimatakeshi/work/test-go/test.go"}]
["core", "s:remote_refresh", "gocode", ["Println", 5, 12], {"lnum": 17, "bufnr": 1, "col": 13, "changedtick": 209, "typed": "\tfmt.Println", "filetype": "go", "curpos": [0, 17, 13, 0, 14], "filepath": "/Users/miyajimatakeshi/work/test-go/test.go"}]
["core", "s:remote_refresh", "asyncomplete_lsp_go-langserver", ["Println", 5, 12], {"lnum": 17, "bufnr": 1, "col": 13, "changedtick": 209, "typed": "\tfmt.Println", "filetype": "go", "curpos": [0, 17, 13, 0, 14], "filepath": "/Users/miyajimatakeshi/work/test-go/test.go"}]
["core", "s:remote_refresh", "gocode", ["Fprintf", 5, 12], {"lnum": 17, "bufnr": 1, "col": 13, "changedtick": 223, "typed": "\tfmt.Fprintf", "filetype": "go", "curpos": [0, 17, 13, 0, 14], "filepath": "/Users/miyajimatakeshi/work/test-go/test.go"}]
["core", "s:remote_refresh", "asyncomplete_lsp_go-langserver", ["Fprintf", 5, 12], {"lnum": 17, "bufnr": 1, "col": 13, "changedtick": 223, "typed": "\tfmt.Fprintf", "filetype": "go", "curpos": [0, 17, 13, 0, 14], "filepath": "/Users/miyajimatakeshi/work/test-go/test.go"}]
["core", "s:remote_refresh", "gocode", ["Scanner", 5, 12], {"lnum": 17, "bufnr": 1, "col": 13, "changedtick": 237, "typed": "\tfmt.Scanner", "filetype": "go", "curpos": [0, 17, 13, 0, 14], "filepath": "/Users/miyajimatakeshi/work/test-go/test.go"}]
["core", "s:remote_refresh", "asyncomplete_lsp_go-langserver", ["Scanner", 5, 12], {"lnum": 17, "bufnr": 1, "col": 13, "changedtick": 237, "typed": "\tfmt.Scanner", "filetype": "go", "curpos": [0, 17, 13, 0, 14], "filepath": "/Users/miyajimatakeshi/work/test-go/test.go"}]
["core", "s:remote_refresh", "gocode", ["Sprintln", 5, 13], {"lnum": 17, "bufnr": 1, "col": 14, "changedtick": 252, "typed": "\tfmt.Sprintln", "filetype": "go", "curpos": [0, 17, 14, 0, 15], "filepath": "/Users/miyajimatakeshi/work/test-go/test.go"}]
["core", "s:remote_refresh", "asyncomplete_lsp_go-langserver", ["Sprintln", 5, 13], {"lnum": 17, "bufnr": 1, "col": 14, "changedtick": 252, "typed": "\tfmt.Sprintln", "filetype": "go", "curpos": [0, 17, 14, 0, 15], "filepath": "/Users/miyajimatakeshi/work/test-go/test.go"}]
["core", "s:remote_refresh", "gocode", ["Fprintln", 5, 13], {"lnum": 17, "bufnr": 1, "col": 14, "changedtick": 268, "typed": "\tfmt.Fprintln", "filetype": "go", "curpos": [0, 17, 14, 0, 15], "filepath": "/Users/miyajimatakeshi/work/test-go/test.go"}]
["core", "s:remote_refresh", "asyncomplete_lsp_go-langserver", ["Fprintln", 5, 13], {"lnum": 17, "bufnr": 1, "col": 14, "changedtick": 268, "typed": "\tfmt.Fprintln", "filetype": "go", "curpos": [0, 17, 14, 0, 15], "filepath": "/Users/miyajimatakeshi/work/test-go/test.go"}]
["core", "s:remote_refresh", "gocode", ["Sprintln", 5, 13], {"lnum": 17, "bufnr": 1, "col": 14, "changedtick": 284, "typed": "\tfmt.Sprintln", "filetype": "go", "curpos": [0, 17, 14, 0, 15], "filepath": "/Users/miyajimatakeshi/work/test-go/test.go"}]
["core", "s:remote_refresh", "asyncomplete_lsp_go-langserver", ["Sprintln", 5, 13], {"lnum": 17, "bufnr": 1, "col": 14, "changedtick": 284, "typed": "\tfmt.Sprintln", "filetype": "go", "curpos": [0, 17, 14, 0, 15], "filepath": "/Users/miyajimatakeshi/work/test-go/test.go"}]
["core", "s:remote_refresh", "gocode", ["Scanner", 5, 12], {"lnum": 17, "bufnr": 1, "col": 13, "changedtick": 299, "typed": "\tfmt.Scanner", "filetype": "go", "curpos": [0, 17, 13, 0, 14], "filepath": "/Users/miyajimatakeshi/work/test-go/test.go"}]
["core", "s:remote_refresh", "asyncomplete_lsp_go-langserver", ["Scanner", 5, 12], {"lnum": 17, "bufnr": 1, "col": 13, "changedtick": 299, "typed": "\tfmt.Scanner", "filetype": "go", "curpos": [0, 17, 13, 0, 14], "filepath": "/Users/miyajimatakeshi/work/test-go/test.go"}]
["core", "s:remote_refresh", "gocode", ["Fprintf", 5, 12], {"lnum": 17, "bufnr": 1, "col": 13, "changedtick": 313, "typed": "\tfmt.Fprintf", "filetype": "go", "curpos": [0, 17, 13, 0, 14], "filepath": "/Users/miyajimatakeshi/work/test-go/test.go"}]
["core", "s:remote_refresh", "asyncomplete_lsp_go-langserver", ["Fprintf", 5, 12], {"lnum": 17, "bufnr": 1, "col": 13, "changedtick": 313, "typed": "\tfmt.Fprintf", "filetype": "go", "curpos": [0, 17, 13, 0, 14], "filepath": "/Users/miyajimatakeshi/work/test-go/test.go"}]
["core", "s:remote_refresh", "gocode", ["Println", 5, 12], {"lnum": 17, "bufnr": 1, "col": 13, "changedtick": 327, "typed": "\tfmt.Println", "filetype": "go", "curpos": [0, 17, 13, 0, 14], "filepath": "/Users/miyajimatakeshi/work/test-go/test.go"}]
["core", "s:remote_refresh", "asyncomplete_lsp_go-langserver", ["Println", 5, 12], {"lnum": 17, "bufnr": 1, "col": 13, "changedtick": 327, "typed": "\tfmt.Println", "filetype": "go", "curpos": [0, 17, 13, 0, 14], "filepath": "/Users/miyajimatakeshi/work/test-go/test.go"}]
["core", "s:remote_refresh", "gocode", ["Fscanln", 5, 12], {"lnum": 17, "bufnr": 1, "col": 13, "changedtick": 341, "typed": "\tfmt.Fscanln", "filetype": "go", "curpos": [0, 17, 13, 0, 14], "filepath": "/Users/miyajimatakeshi/work/test-go/test.go"}]
["core", "s:remote_refresh", "asyncomplete_lsp_go-langserver", ["Fscanln", 5, 12], {"lnum": 17, "bufnr": 1, "col": 13, "changedtick": 341, "typed": "\tfmt.Fscanln", "filetype": "go", "curpos": [0, 17, 13, 0, 14], "filepath": "/Users/miyajimatakeshi/work/test-go/test.go"}]
["core", "remote_insert_leave"]
["core", "remote_insert_enter"]
["core", "s:remote_refresh", "gocode", ["s", 5, 6], {"lnum": 17, "bufnr": 1, "col": 7, "changedtick": 343, "typed": "\tfmt.s", "filetype": "go", "curpos": [0, 17, 7, 0, 8], "filepath": "/Users/miyajimatakeshi/work/test-go/test.go"}]
["core", "s:remote_refresh", "asyncomplete_lsp_go-langserver", ["s", 5, 6], {"lnum": 17, "bufnr": 1, "col": 7, "changedtick": 343, "typed": "\tfmt.s", "filetype": "go", "curpos": [0, 17, 7, 0, 8], "filepath": "/Users/miyajimatakeshi/work/test-go/test.go"}]
["core", "completor()", "gocode", {"lnum": 17, "bufnr": 1, "col": 7, "changedtick": 343, "typed": "\tfmt.s", "filetype": "go", "curpos": [0, 17, 7, 0, 8], "filepath": "/Users/miyajimatakeshi/work/test-go/test.go"}]
["asyncomplete-gocode.vim", "created tmp file", "/var/folders/nt/1_85kflx24zb07046kysdgnw0000gn/T/nvimoEFCjx/5"]
["asyncomplete-gocode.vim", "s:exec", ["/Users/miyajimatakeshi/go/bin/gocode", "-f=vim", "--in=/var/folders/nt/1_85kflx24zb07046kysdgnw0000gn/T/nvimoEFCjx/5", "autocomplete", "/Users/miyajimatakeshi/work/test-go/test.go", "170"]]
["asyncomplete-gocode.vim", "deleted temp file ", "/var/folders/nt/1_85kflx24zb07046kysdgnw0000gn/T/nvimoEFCjx/5"]
["core", "completor()", "asyncomplete_lsp_go-langserver", {"lnum": 17, "bufnr": 1, "col": 7, "changedtick": 343, "typed": "\tfmt.s", "filetype": "go", "curpos": [0, 17, 7, 0, 8], "filepath": "/Users/miyajimatakeshi/work/test-go/test.go"}]
["core", "s:python_cm_complete", "asyncomplete_lsp_go-langserver", {"lnum": 17, "bufnr": 1, "col": 7, "changedtick": 343, "typed": "\tfmt.s", "filetype": "go", "curpos": [0, 17, 7, 0, 8], "filepath": "/Users/miyajimatakeshi/work/test-go/test.go"}, 6, false, 0]
["core", "s:core_complete"]
["core", "s:remote_refresh", "gocode", ["sw", 5, 7], {"lnum": 17, "bufnr": 1, "col": 8, "changedtick": 348, "typed": "\tfmt.sw", "filetype": "go", "curpos": [0, 17, 8, 0, 9], "filepath": "/Users/miyajimatakeshi/work/test-go/test.go"}]
["core", "s:core_complete"]
["core", "s:remote_refresh", "asyncomplete_lsp_go-langserver", ["sw", 5, 7], {"lnum": 17, "bufnr": 1, "col": 8, "changedtick": 348, "typed": "\tfmt.sw", "filetype": "go", "curpos": [0, 17, 8, 0, 9], "filepath": "/Users/miyajimatakeshi/work/test-go/test.go"}]
["core", "s:core_complete"]
["core", "remote_insert_leave"]
["core", "remote_insert_enter"]
["core", "s:remote_refresh", "gocode", ["", -1, -1], {"lnum": 18, "bufnr": 1, "col": 2, "changedtick": 350, "typed": "\t", "filetype": "go", "curpos": [0, 18, 2, 0, 3], "filepath": "/Users/miyajimatakeshi/work/test-go/test.go"}]
["core", "s:remote_refresh", "asyncomplete_lsp_go-langserver", ["", -1, -1], {"lnum": 18, "bufnr": 1, "col": 2, "changedtick": 350, "typed": "\t", "filetype": "go", "curpos": [0, 18, 2, 0, 3], "filepath": "/Users/miyajimatakeshi/work/test-go/test.go"}]
["core", "remote_insert_leave"]
["core", "s:clear_active_sources", 1]
["core", "remote_insert_enter"]
["core", "computing get_active_sources_for_buffer", 1]
["core", "s:remote_refresh", "gocode", ["", -1, -1], {"lnum": 18, "bufnr": 1, "col": 2, "changedtick": 356, "typed": "\t", "filetype": "go", "curpos": [0, 18, 2, 0, 3], "filepath": "/Users/miyajimatakeshi/work/test-go/test.go"}]
["core", "s:remote_refresh", "asyncomplete_lsp_go-langserver", ["", -1, -1], {"lnum": 18, "bufnr": 1, "col": 2, "changedtick": 356, "typed": "\t", "filetype": "go", "curpos": [0, 18, 2, 0, 3], "filepath": "/Users/miyajimatakeshi/work/test-go/test.go"}]
["core", "s:remote_refresh", "gocode", ["t", 1, 2], {"lnum": 18, "bufnr": 1, "col": 3, "changedtick": 357, "typed": "\tt", "filetype": "go", "curpos": [0, 18, 3, 0, 4], "filepath": "/Users/miyajimatakeshi/work/test-go/test.go"}]
["core", "s:remote_refresh", "asyncomplete_lsp_go-langserver", ["t", 1, 2], {"lnum": 18, "bufnr": 1, "col": 3, "changedtick": 357, "typed": "\tt", "filetype": "go", "curpos": [0, 18, 3, 0, 4], "filepath": "/Users/miyajimatakeshi/work/test-go/test.go"}]
["core", "completor()", "gocode", {"lnum": 18, "bufnr": 1, "col": 3, "changedtick": 357, "typed": "\tt", "filetype": "go", "curpos": [0, 18, 3, 0, 4], "filepath": "/Users/miyajimatakeshi/work/test-go/test.go"}]
["asyncomplete-gocode.vim", "created tmp file", "/var/folders/nt/1_85kflx24zb07046kysdgnw0000gn/T/nvimoEFCjx/7"]
["asyncomplete-gocode.vim", "s:exec", ["/Users/miyajimatakeshi/go/bin/gocode", "-f=vim", "--in=/var/folders/nt/1_85kflx24zb07046kysdgnw0000gn/T/nvimoEFCjx/7", "autocomplete", "/Users/miyajimatakeshi/work/test-go/test.go", "174"]]
["asyncomplete-gocode.vim", "deleted temp file ", "/var/folders/nt/1_85kflx24zb07046kysdgnw0000gn/T/nvimoEFCjx/7"]
["core", "completor()", "asyncomplete_lsp_go-langserver", {"lnum": 18, "bufnr": 1, "col": 3, "changedtick": 357, "typed": "\tt", "filetype": "go", "curpos": [0, 18, 3, 0, 4], "filepath": "/Users/miyajimatakeshi/work/test-go/test.go"}]
["core", "s:python_cm_complete", "asyncomplete_lsp_go-langserver", {"lnum": 18, "bufnr": 1, "col": 3, "changedtick": 357, "typed": "\tt", "filetype": "go", "curpos": [0, 18, 3, 0, 4], "filepath": "/Users/miyajimatakeshi/work/test-go/test.go"}, 2, false, 0]
["core", "s:core_complete"]
["core", "s:remote_refresh", "gocode", ["te", 1, 3], {"lnum": 18, "bufnr": 1, "col": 4, "changedtick": 362, "typed": "\tte", "filetype": "go", "curpos": [0, 18, 4, 0, 5], "filepath": "/Users/miyajimatakeshi/work/test-go/test.go"}]
["core", "s:core_complete"]
["core", "s:remote_refresh", "asyncomplete_lsp_go-langserver", ["te", 1, 3], {"lnum": 18, "bufnr": 1, "col": 4, "changedtick": 362, "typed": "\tte", "filetype": "go", "curpos": [0, 18, 4, 0, 5], "filepath": "/Users/miyajimatakeshi/work/test-go/test.go"}]
["core", "s:core_complete"]
["core", "s:remote_refresh", "gocode", ["test", 1, 5], {"lnum": 18, "bufnr": 1, "col": 6, "changedtick": 368, "typed": "\ttest", "filetype": "go", "curpos": [0, 18, 6, 0, 7], "filepath": "/Users/miyajimatakeshi/work/test-go/test.go"}]
["core", "s:remote_refresh", "asyncomplete_lsp_go-langserver", ["test", 1, 5], {"lnum": 18, "bufnr": 1, "col": 6, "changedtick": 368, "typed": "\ttest", "filetype": "go", "curpos": [0, 18, 6, 0, 7], "filepath": "/Users/miyajimatakeshi/work/test-go/test.go"}]
["core", "remote_insert_leave"]
["core", "remote_insert_enter"]
["core", "s:remote_refresh", "gocode", ["", -1, -1], {"lnum": 18, "bufnr": 1, "col": 2, "changedtick": 370, "typed": "\t", "filetype": "go", "curpos": [0, 18, 2, 0, 3], "filepath": "/Users/miyajimatakeshi/work/test-go/test.go"}]
["core", "s:remote_refresh", "asyncomplete_lsp_go-langserver", ["", -1, -1], {"lnum": 18, "bufnr": 1, "col": 2, "changedtick": 370, "typed": "\t", "filetype": "go", "curpos": [0, 18, 2, 0, 3], "filepath": "/Users/miyajimatakeshi/work/test-go/test.go"}]
["core", "s:remote_refresh", "gocode", ["t", 1, 2], {"lnum": 18, "bufnr": 1, "col": 3, "changedtick": 371, "typed": "\tt", "filetype": "go", "curpos": [0, 18, 3, 0, 4], "filepath": "/Users/miyajimatakeshi/work/test-go/test.go"}]
["core", "s:remote_refresh", "asyncomplete_lsp_go-langserver", ["t", 1, 2], {"lnum": 18, "bufnr": 1, "col": 3, "changedtick": 371, "typed": "\tt", "filetype": "go", "curpos": [0, 18, 3, 0, 4], "filepath": "/Users/miyajimatakeshi/work/test-go/test.go"}]
["core", "completor()", "gocode", {"lnum": 18, "bufnr": 1, "col": 3, "changedtick": 371, "typed": "\tt", "filetype": "go", "curpos": [0, 18, 3, 0, 4], "filepath": "/Users/miyajimatakeshi/work/test-go/test.go"}]
["asyncomplete-gocode.vim", "created tmp file", "/var/folders/nt/1_85kflx24zb07046kysdgnw0000gn/T/nvimoEFCjx/8"]
["asyncomplete-gocode.vim", "s:exec", ["/Users/miyajimatakeshi/go/bin/gocode", "-f=vim", "--in=/var/folders/nt/1_85kflx24zb07046kysdgnw0000gn/T/nvimoEFCjx/8", "autocomplete", "/Users/miyajimatakeshi/work/test-go/test.go", "174"]]
["asyncomplete-gocode.vim", "deleted temp file ", "/var/folders/nt/1_85kflx24zb07046kysdgnw0000gn/T/nvimoEFCjx/8"]
["core", "completor()", "asyncomplete_lsp_go-langserver", {"lnum": 18, "bufnr": 1, "col": 3, "changedtick": 371, "typed": "\tt", "filetype": "go", "curpos": [0, 18, 3, 0, 4], "filepath": "/Users/miyajimatakeshi/work/test-go/test.go"}]
["core", "s:python_cm_complete", "asyncomplete_lsp_go-langserver", {"lnum": 18, "bufnr": 1, "col": 3, "changedtick": 371, "typed": "\tt", "filetype": "go", "curpos": [0, 18, 3, 0, 4], "filepath": "/Users/miyajimatakeshi/work/test-go/test.go"}, 2, false, 0]
["core", "s:core_complete"]
["core", "s:remote_refresh", "gocode", ["te", 1, 3], {"lnum": 18, "bufnr": 1, "col": 4, "changedtick": 376, "typed": "\tte", "filetype": "go", "curpos": [0, 18, 4, 0, 5], "filepath": "/Users/miyajimatakeshi/work/test-go/test.go"}]
["core", "s:core_complete"]
["core", "s:remote_refresh", "asyncomplete_lsp_go-langserver", ["te", 1, 3], {"lnum": 18, "bufnr": 1, "col": 4, "changedtick": 376, "typed": "\tte", "filetype": "go", "curpos": [0, 18, 4, 0, 5], "filepath": "/Users/miyajimatakeshi/work/test-go/test.go"}]
["core", "s:core_complete"]
["core", "remote_insert_leave"]
["core", "remote_insert_enter"]
["core", "s:remote_refresh", "gocode", ["f", 1, 2], {"lnum": 18, "bufnr": 1, "col": 3, "changedtick": 379, "typed": "\tf", "filetype": "go", "curpos": [0, 18, 3, 0, 4], "filepath": "/Users/miyajimatakeshi/work/test-go/test.go"}]
["core", "s:remote_refresh", "asyncomplete_lsp_go-langserver", ["f", 1, 2], {"lnum": 18, "bufnr": 1, "col": 3, "changedtick": 379, "typed": "\tf", "filetype": "go", "curpos": [0, 18, 3, 0, 4], "filepath": "/Users/miyajimatakeshi/work/test-go/test.go"}]
["core", "completor()", "gocode", {"lnum": 18, "bufnr": 1, "col": 3, "changedtick": 379, "typed": "\tf", "filetype": "go", "curpos": [0, 18, 3, 0, 4], "filepath": "/Users/miyajimatakeshi/work/test-go/test.go"}]
["asyncomplete-gocode.vim", "created tmp file", "/var/folders/nt/1_85kflx24zb07046kysdgnw0000gn/T/nvimoEFCjx/9"]
["asyncomplete-gocode.vim", "s:exec", ["/Users/miyajimatakeshi/go/bin/gocode", "-f=vim", "--in=/var/folders/nt/1_85kflx24zb07046kysdgnw0000gn/T/nvimoEFCjx/9", "autocomplete", "/Users/miyajimatakeshi/work/test-go/test.go", "174"]]
["asyncomplete-gocode.vim", "deleted temp file ", "/var/folders/nt/1_85kflx24zb07046kysdgnw0000gn/T/nvimoEFCjx/9"]
["core", "completor()", "asyncomplete_lsp_go-langserver", {"lnum": 18, "bufnr": 1, "col": 3, "changedtick": 379, "typed": "\tf", "filetype": "go", "curpos": [0, 18, 3, 0, 4], "filepath": "/Users/miyajimatakeshi/work/test-go/test.go"}]
["core", "s:python_cm_complete", "asyncomplete_lsp_go-langserver", {"lnum": 18, "bufnr": 1, "col": 3, "changedtick": 379, "typed": "\tf", "filetype": "go", "curpos": [0, 18, 3, 0, 4], "filepath": "/Users/miyajimatakeshi/work/test-go/test.go"}, 2, false, 0]
["core", "s:core_complete"]
["core", "s:remote_refresh", "gocode", ["fm", 1, 3], {"lnum": 18, "bufnr": 1, "col": 4, "changedtick": 384, "typed": "\tfm", "filetype": "go", "curpos": [0, 18, 4, 0, 5], "filepath": "/Users/miyajimatakeshi/work/test-go/test.go"}]
["core", "s:core_complete"]
["core", "s:remote_refresh", "asyncomplete_lsp_go-langserver", ["fm", 1, 3], {"lnum": 18, "bufnr": 1, "col": 4, "changedtick": 384, "typed": "\tfm", "filetype": "go", "curpos": [0, 18, 4, 0, 5], "filepath": "/Users/miyajimatakeshi/work/test-go/test.go"}]
["core", "s:core_complete"]
["core", "s:remote_refresh", "gocode", ["fmt", 1, 4], {"lnum": 18, "bufnr": 1, "col": 5, "changedtick": 391, "typed": "\tfmt", "filetype": "go", "curpos": [0, 18, 5, 0, 6], "filepath": "/Users/miyajimatakeshi/work/test-go/test.go"}]
["core", "s:core_complete"]
["core", "s:remote_refresh", "asyncomplete_lsp_go-langserver", ["fmt", 1, 4], {"lnum": 18, "bufnr": 1, "col": 5, "changedtick": 391, "typed": "\tfmt", "filetype": "go", "curpos": [0, 18, 5, 0, 6], "filepath": "/Users/miyajimatakeshi/work/test-go/test.go"}]
["core", "s:core_complete"]
["core", "s:remote_refresh", "gocode", [".", 4, 5], {"lnum": 18, "bufnr": 1, "col": 6, "changedtick": 392, "typed": "\tfmt.", "filetype": "go", "curpos": [0, 18, 6, 0, 7], "filepath": "/Users/miyajimatakeshi/work/test-go/test.go"}]
["core", "s:remote_refresh", "asyncomplete_lsp_go-langserver", [".", 4, 5], {"lnum": 18, "bufnr": 1, "col": 6, "changedtick": 392, "typed": "\tfmt.", "filetype": "go", "curpos": [0, 18, 6, 0, 7], "filepath": "/Users/miyajimatakeshi/work/test-go/test.go"}]
["core", "completor()", "gocode", {"lnum": 18, "bufnr": 1, "col": 6, "changedtick": 392, "typed": "\tfmt.", "filetype": "go", "curpos": [0, 18, 6, 0, 7], "filepath": "/Users/miyajimatakeshi/work/test-go/test.go"}]
["asyncomplete-gocode.vim", "created tmp file", "/var/folders/nt/1_85kflx24zb07046kysdgnw0000gn/T/nvimoEFCjx/10"]
["asyncomplete-gocode.vim", "s:exec", ["/Users/miyajimatakeshi/go/bin/gocode", "-f=vim", "--in=/var/folders/nt/1_85kflx24zb07046kysdgnw0000gn/T/nvimoEFCjx/10", "autocomplete", "/Users/miyajimatakeshi/work/test-go/test.go", "177"]]
["asyncomplete-gocode.vim", "deleted temp file ", "/var/folders/nt/1_85kflx24zb07046kysdgnw0000gn/T/nvimoEFCjx/10"]
["core", "completor()", "asyncomplete_lsp_go-langserver", {"lnum": 18, "bufnr": 1, "col": 6, "changedtick": 392, "typed": "\tfmt.", "filetype": "go", "curpos": [0, 18, 6, 0, 7], "filepath": "/Users/miyajimatakeshi/work/test-go/test.go"}]
["core", "s:python_cm_complete", "asyncomplete_lsp_go-langserver", {"lnum": 18, "bufnr": 1, "col": 6, "changedtick": 392, "typed": "\tfmt.", "filetype": "go", "curpos": [0, 18, 6, 0, 7], "filepath": "/Users/miyajimatakeshi/work/test-go/test.go"}, 6, false, 0]
["core", "s:core_complete"]
["core", "remote_insert_leave"]
["core", "remote_insert_enter"]
["core", "s:remote_refresh", "gocode", ["", -1, -1], {"lnum": 17, "bufnr": 1, "col": 2, "changedtick": 396, "typed": "\t", "filetype": "go", "curpos": [0, 17, 2, 0, 3], "filepath": "/Users/miyajimatakeshi/work/test-go/test.go"}]
["core", "s:remote_refresh", "asyncomplete_lsp_go-langserver", ["", -1, -1], {"lnum": 17, "bufnr": 1, "col": 2, "changedtick": 396, "typed": "\t", "filetype": "go", "curpos": [0, 17, 2, 0, 3], "filepath": "/Users/miyajimatakeshi/work/test-go/test.go"}]
["core", "s:remote_refresh", "gocode", ["f", 1, 2], {"lnum": 17, "bufnr": 1, "col": 3, "changedtick": 397, "typed": "\tf", "filetype": "go", "curpos": [0, 17, 3, 0, 4], "filepath": "/Users/miyajimatakeshi/work/test-go/test.go"}]
["core", "s:remote_refresh", "asyncomplete_lsp_go-langserver", ["f", 1, 2], {"lnum": 17, "bufnr": 1, "col": 3, "changedtick": 397, "typed": "\tf", "filetype": "go", "curpos": [0, 17, 3, 0, 4], "filepath": "/Users/miyajimatakeshi/work/test-go/test.go"}]
["core", "completor()", "gocode", {"lnum": 17, "bufnr": 1, "col": 3, "changedtick": 397, "typed": "\tf", "filetype": "go", "curpos": [0, 17, 3, 0, 4], "filepath": "/Users/miyajimatakeshi/work/test-go/test.go"}]
["asyncomplete-gocode.vim", "created tmp file", "/var/folders/nt/1_85kflx24zb07046kysdgnw0000gn/T/nvimoEFCjx/11"]
["asyncomplete-gocode.vim", "s:exec", ["/Users/miyajimatakeshi/go/bin/gocode", "-f=vim", "--in=/var/folders/nt/1_85kflx24zb07046kysdgnw0000gn/T/nvimoEFCjx/11", "autocomplete", "/Users/miyajimatakeshi/work/test-go/test.go", "166"]]
["asyncomplete-gocode.vim", "deleted temp file ", "/var/folders/nt/1_85kflx24zb07046kysdgnw0000gn/T/nvimoEFCjx/11"]
["core", "completor()", "asyncomplete_lsp_go-langserver", {"lnum": 17, "bufnr": 1, "col": 3, "changedtick": 397, "typed": "\tf", "filetype": "go", "curpos": [0, 17, 3, 0, 4], "filepath": "/Users/miyajimatakeshi/work/test-go/test.go"}]
["core", "s:python_cm_complete", "asyncomplete_lsp_go-langserver", {"lnum": 17, "bufnr": 1, "col": 3, "changedtick": 397, "typed": "\tf", "filetype": "go", "curpos": [0, 17, 3, 0, 4], "filepath": "/Users/miyajimatakeshi/work/test-go/test.go"}, 2, false, 0]
["core", "s:core_complete"]
["core", "s:remote_refresh", "gocode", ["fm", 1, 3], {"lnum": 17, "bufnr": 1, "col": 4, "changedtick": 402, "typed": "\tfm", "filetype": "go", "curpos": [0, 17, 4, 0, 5], "filepath": "/Users/miyajimatakeshi/work/test-go/test.go"}]
["core", "s:core_complete"]
["core", "s:remote_refresh", "asyncomplete_lsp_go-langserver", ["fm", 1, 3], {"lnum": 17, "bufnr": 1, "col": 4, "changedtick": 402, "typed": "\tfm", "filetype": "go", "curpos": [0, 17, 4, 0, 5], "filepath": "/Users/miyajimatakeshi/work/test-go/test.go"}]
["core", "s:core_complete"]
["core", "s:remote_refresh", "gocode", ["fmt", 1, 4], {"lnum": 17, "bufnr": 1, "col": 5, "changedtick": 409, "typed": "\tfmt", "filetype": "go", "curpos": [0, 17, 5, 0, 6], "filepath": "/Users/miyajimatakeshi/work/test-go/test.go"}]
["core", "s:core_complete"]
["core", "s:remote_refresh", "asyncomplete_lsp_go-langserver", ["fmt", 1, 4], {"lnum": 17, "bufnr": 1, "col": 5, "changedtick": 409, "typed": "\tfmt", "filetype": "go", "curpos": [0, 17, 5, 0, 6], "filepath": "/Users/miyajimatakeshi/work/test-go/test.go"}]
["core", "s:core_complete"]
["core", "s:remote_refresh", "gocode", [".", 4, 5], {"lnum": 17, "bufnr": 1, "col": 6, "changedtick": 410, "typed": "\tfmt.", "filetype": "go", "curpos": [0, 17, 6, 0, 7], "filepath": "/Users/miyajimatakeshi/work/test-go/test.go"}]
["core", "s:remote_refresh", "asyncomplete_lsp_go-langserver", [".", 4, 5], {"lnum": 17, "bufnr": 1, "col": 6, "changedtick": 410, "typed": "\tfmt.", "filetype": "go", "curpos": [0, 17, 6, 0, 7], "filepath": "/Users/miyajimatakeshi/work/test-go/test.go"}]
["core", "completor()", "gocode", {"lnum": 17, "bufnr": 1, "col": 6, "changedtick": 410, "typed": "\tfmt.", "filetype": "go", "curpos": [0, 17, 6, 0, 7], "filepath": "/Users/miyajimatakeshi/work/test-go/test.go"}]
["asyncomplete-gocode.vim", "created tmp file", "/var/folders/nt/1_85kflx24zb07046kysdgnw0000gn/T/nvimoEFCjx/12"]
["asyncomplete-gocode.vim", "s:exec", ["/Users/miyajimatakeshi/go/bin/gocode", "-f=vim", "--in=/var/folders/nt/1_85kflx24zb07046kysdgnw0000gn/T/nvimoEFCjx/12", "autocomplete", "/Users/miyajimatakeshi/work/test-go/test.go", "169"]]
["asyncomplete-gocode.vim", "deleted temp file ", "/var/folders/nt/1_85kflx24zb07046kysdgnw0000gn/T/nvimoEFCjx/12"]
["core", "completor()", "asyncomplete_lsp_go-langserver", {"lnum": 17, "bufnr": 1, "col": 6, "changedtick": 410, "typed": "\tfmt.", "filetype": "go", "curpos": [0, 17, 6, 0, 7], "filepath": "/Users/miyajimatakeshi/work/test-go/test.go"}]
["core", "s:python_cm_complete", "asyncomplete_lsp_go-langserver", {"lnum": 17, "bufnr": 1, "col": 6, "changedtick": 410, "typed": "\tfmt.", "filetype": "go", "curpos": [0, 17, 6, 0, 7], "filepath": "/Users/miyajimatakeshi/work/test-go/test.go"}, 6, false, 0]
["core", "s:core_complete"]
["core", "s:remote_refresh", "gocode", ["Scan", 5, 9], {"lnum": 17, "bufnr": 1, "col": 10, "changedtick": 414, "typed": "\tfmt.Scan", "filetype": "go", "curpos": [0, 17, 10, 0, 11], "filepath": "/Users/miyajimatakeshi/work/test-go/test.go"}]
["core", "s:remote_refresh", "asyncomplete_lsp_go-langserver", ["Scan", 5, 9], {"lnum": 17, "bufnr": 1, "col": 10, "changedtick": 414, "typed": "\tfmt.Scan", "filetype": "go", "curpos": [0, 17, 10, 0, 11], "filepath": "/Users/miyajimatakeshi/work/test-go/test.go"}]
["core", "s:remote_refresh", "gocode", ["Print", 5, 10], {"lnum": 17, "bufnr": 1, "col": 11, "changedtick": 423, "typed": "\tfmt.Print", "filetype": "go", "curpos": [0, 17, 11, 0, 12], "filepath": "/Users/miyajimatakeshi/work/test-go/test.go"}]
["core", "s:remote_refresh", "asyncomplete_lsp_go-langserver", ["Print", 5, 10], {"lnum": 17, "bufnr": 1, "col": 11, "changedtick": 423, "typed": "\tfmt.Print", "filetype": "go", "curpos": [0, 17, 11, 0, 12], "filepath": "/Users/miyajimatakeshi/work/test-go/test.go"}]
["core", "s:remote_refresh", "gocode", ["State", 5, 10], {"lnum": 17, "bufnr": 1, "col": 11, "changedtick": 433, "typed": "\tfmt.State", "filetype": "go", "curpos": [0, 17, 11, 0, 12], "filepath": "/Users/miyajimatakeshi/work/test-go/test.go"}]
["core", "s:remote_refresh", "asyncomplete_lsp_go-langserver", ["State", 5, 10], {"lnum": 17, "bufnr": 1, "col": 11, "changedtick": 433, "typed": "\tfmt.State", "filetype": "go", "curpos": [0, 17, 11, 0, 12], "filepath": "/Users/miyajimatakeshi/work/test-go/test.go"}]
["core", "s:remote_refresh", "gocode", ["Sscan", 5, 10], {"lnum": 17, "bufnr": 1, "col": 11, "changedtick": 443, "typed": "\tfmt.Sscan", "filetype": "go", "curpos": [0, 17, 11, 0, 12], "filepath": "/Users/miyajimatakeshi/work/test-go/test.go"}]
["core", "s:remote_refresh", "asyncomplete_lsp_go-langserver", ["Sscan", 5, 10], {"lnum": 17, "bufnr": 1, "col": 11, "changedtick": 443, "typed": "\tfmt.Sscan", "filetype": "go", "curpos": [0, 17, 11, 0, 12], "filepath": "/Users/miyajimatakeshi/work/test-go/test.go"}]
["core", "remote_insert_leave"]
["core", "s:clear_active_sources", 1]
["core", "s:clear_active_sources", 3]
["core", "s:clear_active_sources", 1]
["core", "remote_insert_enter"]
["core", "computing get_active_sources_for_buffer", 1]
["core", "remote_insert_leave"]
["core", "remote_insert_enter"]
["core", "remote_insert_leave"]
["core", "remote_insert_enter"]
["core", "remote_insert_leave"]
["core", "remote_insert_enter"]
["core", "remote_insert_leave"]
